iQCC Step: 0
	Initial Energy: -2124.00383881909465
	Entanglers:
		    1:Y(38)X(39)X(40)X(41)                         0.1711804448241741
		    2:Y(34)X(35)X(42)X(43)                         0.07218313727450547
		    3:Y(36)X(37)X(44)X(45)                         0.06953127928418124
		    4:Y(38)X(39)X(50)X(51)                         0.06232720172407522
		    5:Y(30)X(31)X(60)X(61)                         0.05749379405104281
		    6:Y(34)X(35)X(60)X(61)                         0.05704425116398596
		    7:Y(20)X(21)X(42)X(43)                         0.0545750614289292
		    8:Y(18)X(19)X(40)X(41)                         0.05442705695429741
		    9:Y(36)X(37)X(68)X(69)                         0.05438458142278617
		   10:Y(32)X(33)X(62)X(63)                         0.05431111867405223
		   11:Y(36)X(37)X(62)X(63)                         0.05340486388535574
		   12:Y(22)X(23)X(42)X(43)                         0.05338206989513672
		   13:Y(28)X(29)X(40)X(41)                         0.0511525653811198
		   14:Y(24)X(25)X(44)X(45)                         0.04952053704004618
		   15:Y(26)X(38)X(40)X(50)                         0.04932498796332392
		   16:Y(27)X(39)X(41)X(51)                         0.04932498796332392
		   17:Y(4)X(5)X(42)X(43)                           0.04842318501600321
		   18:Y(32)X(33)X(68)X(69)                         0.04710776033609917
		   19:Y(20)X(21)X(48)X(49)                         0.046960000280518
		   20:Y(38)X(39)X(66)X(67)                         0.04618368871824887
iQCC Step: 1
	Initial Energy: -2124.01464857288556
	Entanglers:
		    1:Y(19)X(38)X(41)X(66)                         -0.04838258114263816
		    2:Y(18)X(39)X(40)X(67)                         -0.04815335759546401
		    3:Y(5)X(22)X(42)X(43)                          0.04738172290016116
		    4:Y(4)X(23)X(42)X(43)                          -0.0473814035574746
		    5:Y(19)X(38)X(41)X(64)                         0.04589307709443424
		    6:Y(18)X(39)X(40)X(65)                         0.04467995226281129
		    7:Y(33)X(37)X(63)X(69)                         0.04286450888564235
		    8:Y(28)X(29)X(58)X(59)                         0.0417875632264877
		    9:Y(33)X(37)X(45)X(63)                         0.03952152771563736
		   10:Y(14)X(39)X(40)X(67)                         -0.0395099630294549
		   11:Y(29)X(39)X(41)X(59)                         0.03950496171361575
		   12:Y(38)X(39)X(64)X(67)                         -0.03950455052019156
		   13:Y(38)X(39)X(65)X(66)                         0.03950392897477484
		   14:Y(20)X(21)X(44)X(45)                         0.03913104825261852
		   15:Y(34)X(35)X(58)X(61)                         0.03890652679092135
		   16:Y(34)X(35)X(59)X(60)                         -0.03890305594218489
		   17:Y(32)X(36)X(62)X(68)                         0.03878376216765849
		   18:Y(15)X(38)X(41)X(66)                         -0.03870063449986621
		   19:Y(26)X(39)X(40)X(51)                         -0.03866385557208367
		   20:Y(15)X(18)X(40)X(41)                         -0.03818803088401324
iQCC Step: 2
	Initial Energy: -2124.02070981553243
	Entanglers:
		    1:Y(38)X(39)X(64)X(65)                         0.04243488095317623
		    2:Y(15)X(38)X(41)X(64)                         0.03827659641213084
		    3:Y(14)X(39)X(40)X(65)                         0.03753368396682404
		    4:Y(26)X(27)X(50)X(51)                         0.03749112264833732
		    5:Y(14)X(19)X(40)X(41)                         0.03736599194172705
		    6:Y(32)X(36)X(44)X(62)                         0.0368023752766803
		    7:Y(31)X(35)X(43)X(61)                         -0.03668858765403959
		    8:Y(26)X(27)X(40)X(41)                         0.03651248233114215
		    9:Y(27)X(38)X(41)X(50)                         -0.03631188897819883
		   10:Y(28)X(38)X(40)X(58)                         0.03627002901506671
		   11:Y(36)X(37)X(58)X(63)                         -0.0361211844085844
		   12:Y(19)X(20)X(44)X(45)                         0.03581952046128118
		   13:Y(9)X(24)X(44)X(45)                          -0.03559236626086361
		   14:Y(8)X(25)X(44)X(45)                          0.03559152551336234
		   15:Y(18)X(21)X(44)X(45)                         -0.03557606413394032
		   16:Y(34)X(35)X(58)X(59)                         0.03552311715360704
		   17:Y(29)X(39)X(41)X(63)                         0.03545583309362944
		   18:Y(36)X(37)X(59)X(62)                         0.03541477544090262
		   19:Y(30)X(31)X(58)X(59)                         0.03503055328417619
		   20:Y(31)X(32)X(59)X(60)                         -0.03461639621899146
iQCC Step: 3
	Initial Energy: -2124.02523706441843
	Entanglers:
		    1:Y(30)X(33)X(58)X(61)                         -0.03547103610608596
		    2:Y(29)X(39)X(41)X(61)                         -0.03486732496995217
		    3:Y(29)X(38)X(40)X(41)                         0.03418314622581289
		    4:Y(21)X(36)X(45)X(68)                         0.03391519083540273
		    5:Y(30)X(34)X(42)X(60)                         -0.03388430976893747
		    6:Y(28)X(31)X(58)X(61)                         -0.03387437037593711
		    7:Y(14)X(15)X(40)X(41)                         0.03380985235358888
		    8:Y(6)X(25)X(44)X(45)                          0.03374243115623456
		    9:Y(7)X(24)X(44)X(45)                          -0.0337174685501264
		   10:Y(18)X(19)X(44)X(45)                         0.03369867864615278
		   11:Y(33)X(37)X(59)X(69)                         -0.03356768845807248
		   12:Y(20)X(37)X(44)X(69)                         0.03351930992016082
		   13:Y(29)X(30)X(59)X(60)                         -0.03351751648078202
		   14:Y(28)X(39)X(40)X(41)                         -0.03344646363333065
		   15:Y(28)X(38)X(40)X(62)                         0.03338360602468041
		   16:Y(32)X(33)X(59)X(62)                         0.0333282005480119
		   17:Y(8)X(9)X(44)X(45)                           0.03284521062231334
		   18:Y(28)X(29)X(62)X(63)                         0.03278019819472685
		   19:Y(30)X(33)X(59)X(60)                         0.03261504590686901
		   20:Y(29)X(38)X(41)X(58)                         -0.0325942003355992
iQCC Step: 4
	Initial Energy: -2124.02901550517754
	Entanglers:
		    1:Y(32)X(33)X(58)X(59)                         0.03431993679913553
		    2:Y(28)X(29)X(59)X(62)                         -0.03308263181952693
		    3:Y(29)X(38)X(41)X(62)                         -0.03284841619400924
		    4:Y(28)X(29)X(58)X(63)                         0.0323932267265511
		    5:Y(19)X(36)X(45)X(68)                         -0.03210557462057163
		    6:Y(28)X(38)X(40)X(60)                         -0.03206054450616359
		    7:Y(6)X(7)X(44)X(45)                           0.03191383387345836
		    8:Y(18)X(37)X(44)X(69)                         -0.03185142978711265
		    9:Y(15)X(20)X(42)X(43)                         0.03178123770565818
		   10:Y(32)X(36)X(58)X(68)                         -0.03177199145540228
		   11:Y(14)X(21)X(42)X(43)                         -0.03173200799726093
		   12:Y(32)X(37)X(44)X(63)                         -0.03141627250208351
		   13:Y(21)X(23)X(43)X(49)                         0.03124082881668864
		   14:Y(30)X(35)X(42)X(61)                         0.03118927102685909
		   15:Y(33)X(36)X(45)X(62)                         -0.03111355428715689
		   16:Y(31)X(35)X(61)X(67)                         0.03109241568565107
		   17:Y(32)X(33)X(58)X(63)                         -0.03108018648639482
		   18:Y(31)X(32)X(58)X(61)                         0.03105044036774285
		   19:Y(7)X(8)X(44)X(45)                           -0.0310304276352276
		   20:Y(6)X(9)X(44)X(45)                           0.03098419699355846
iQCC Step: 5
	Initial Energy: -2124.03271834379393
	Entanglers:
		    1:Y(28)X(39)X(40)X(59)                         -0.03054934462318694
		    2:Y(19)X(38)X(50)X(51)                         -0.03040242614407432
		    3:Y(18)X(19)X(50)X(51)                         0.03020578390936279
		    4:Y(20)X(21)X(46)X(47)                         0.03008189010342342
		    5:Y(21)X(34)X(43)X(66)                         -0.02985883895417634
		    6:Y(33)X(35)X(61)X(69)                         0.02944393337731118
		    7:Y(18)X(39)X(50)X(51)                         0.02928805421864429
		    8:Y(30)X(34)X(60)X(66)                         0.02921230227331648
		    9:Y(31)X(32)X(62)X(63)                         -0.0291199900341772
		   10:Y(20)X(22)X(42)X(48)                         0.02900010637934923
		   11:Y(29)X(30)X(58)X(61)                         0.02896583695834917
		   12:Y(20)X(35)X(42)X(67)                         -0.02890150106652546
		   13:Y(36)X(37)X(58)X(59)                         0.02886601491657603
		   14:Y(9)X(22)X(42)X(43)                          0.02886157259359522
		   15:Y(31)X(34)X(43)X(60)                         0.02881738416188927
		   16:Y(29)X(38)X(41)X(60)                         0.02867829061043044
		   17:Y(28)X(31)X(59)X(60)                         0.02859106352079143
		   18:Y(8)X(23)X(42)X(43)                          -0.02847919948894202
		   19:Y(30)X(33)X(62)X(63)                         0.02846774707900462
		   20:Y(7)X(26)X(50)X(51)                          0.02839450980986501
iQCC Step: 6
	Initial Energy: -2124.03578497967283
	Entanglers:
		    1:Y(28)X(39)X(40)X(63)                         -0.02940788331565673
		    2:Y(5)X(8)X(42)X(43)                           -0.02925517924113361
		    3:Y(4)X(9)X(42)X(43)                           0.02922449761478689
		    4:Y(31)X(32)X(60)X(61)                         0.02859810107393958
		    5:Y(34)X(35)X(66)X(67)                         0.02840898853094592
		    6:Y(28)X(29)X(60)X(61)                         0.02830448762390612
		    7:Y(30)X(33)X(60)X(61)                         -0.02781873374818301
		    8:Y(32)X(34)X(60)X(68)                         0.02780995957997597
		    9:Y(32)X(33)X(60)X(61)                         0.02755491744678297
		   10:Y(21)X(34)X(43)X(64)                         -0.02738025427647259
		   11:Y(29)X(30)X(61)X(62)                         -0.02726606682774566
		   12:Y(6)X(27)X(50)X(51)                          -0.0270860154278423
		   13:Y(23)X(35)X(43)X(49)                         -0.02705035673293729
		   14:Y(19)X(27)X(41)X(51)                         -0.02701315409302375
		   15:Y(28)X(31)X(60)X(63)                         -0.02688954220056973
		   16:Y(31)X(35)X(61)X(65)                         0.02687563988790732
		   17:Y(32)X(33)X(61)X(62)                         -0.02630164179757684
		   18:Y(16)X(39)X(40)X(67)                         -0.02624129732248845
		   19:Y(20)X(35)X(42)X(65)                         -0.0261909787124338
		   20:Y(5)X(21)X(43)X(49)                          0.02615390449713466
iQCC Step: 7
	Initial Energy: -2124.03863337310122
	Entanglers:
		    1:Y(6)X(7)X(50)X(51)                           0.02740280082470535
		    2:Y(28)X(39)X(40)X(61)                         0.02692590682213847
		    3:Y(24)X(25)X(48)X(49)                         0.02579244961210747
		    4:Y(30)X(34)X(60)X(64)                         0.02578686645186108
		    5:Y(21)X(25)X(45)X(49)                         0.02575936104006385
		    6:Y(21)X(23)X(43)X(47)                         -0.025744049614257
		    7:Y(34)X(35)X(64)X(67)                         0.02570041739527269
		    8:Y(17)X(38)X(41)X(66)                         -0.02555758905590207
		    9:Y(28)X(29)X(40)X(65)                         -0.02550856352224916
		   10:Y(34)X(37)X(59)X(60)                         0.02547567978396111
		   11:Y(35)X(36)X(58)X(61)                         0.02545876140786301
		   12:Y(32)X(33)X(60)X(63)                         0.02537972539071869
		   13:Y(19)X(20)X(47)X(48)                         -0.02529604058871074
		   14:Y(30)X(31)X(66)X(67)                         0.02528909159260676
		   15:Y(32)X(33)X(44)X(45)                         0.02527470788937032
		   16:Y(32)X(33)X(44)X(69)                         -0.02520493772198579
		   17:Y(28)X(29)X(64)X(65)                         0.02511962195570289
		   18:Y(28)X(29)X(61)X(62)                         0.02506324120663481
		   19:Y(30)X(31)X(59)X(60)                         -0.02504072020086748
		   20:Y(18)X(26)X(40)X(50)                         -0.02492664261598408
iQCC Step: 8
	Initial Energy: -2124.04110416985941
	Entanglers:
		    1:Y(5)X(21)X(43)X(47)                          -0.02499022320246784
		    2:Y(36)X(37)X(64)X(69)                         0.02478703508338538
		    3:Y(25)X(37)X(45)X(49)                         -0.02477291335798664
		    4:Y(18)X(21)X(46)X(49)                         -0.02469851454698234
		    5:Y(23)X(35)X(43)X(47)                         0.02449677037660544
		    6:Y(28)X(33)X(58)X(63)                         0.02436602213477982
		    7:Y(32)X(33)X(45)X(68)                         0.02434961834437253
		    8:Y(22)X(34)X(42)X(48)                         -0.02431494434311187
		    9:Y(28)X(29)X(60)X(63)                         -0.02426532728795907
		   10:Y(8)X(9)X(46)X(47)                           0.02425657049947476
		   11:Y(33)X(37)X(45)X(59)                         -0.02417829033237484
		   12:Y(31)X(32)X(58)X(63)                         0.02403236891839592
		   13:Y(34)X(35)X(48)X(49)                         0.02397350707762382
		   14:Y(4)X(20)X(42)X(48)                          0.02392382690204998
		   15:Y(36)X(37)X(65)X(68)                         -0.02389557008732102
		   16:Y(29)X(30)X(40)X(41)                         -0.02386420381918777
		   17:Y(30)X(33)X(58)X(63)                         -0.02381976201028275
		   18:Y(31)X(37)X(63)X(69)                         0.02381779453965983
		   19:Y(34)X(35)X(65)X(66)                         -0.02380676423371599
		   20:Y(30)X(33)X(59)X(62)                         0.02378840896100832
iQCC Step: 9
	Initial Energy: -2124.04320507242346
	Entanglers:
		    1:Y(28)X(31)X(58)X(63)                         0.02573382487585159
		    2:Y(34)X(35)X(64)X(65)                         0.02447262872390464
		    3:Y(20)X(22)X(42)X(46)                         -0.02426320030979531
		    4:Y(28)X(29)X(41)X(64)                         0.02377193820468038
		    5:Y(20)X(35)X(48)X(49)                         0.02374502513400981
		    6:Y(29)X(30)X(59)X(62)                         0.02370308865155644
		    7:Y(35)X(36)X(44)X(45)                         -0.0236253667749404
		    8:Y(16)X(39)X(40)X(65)                         0.02360572365790144
		    9:Y(19)X(39)X(41)X(67)                         0.02355796845572114
		   10:Y(28)X(29)X(59)X(60)                         0.02354779466867238
		   11:Y(30)X(31)X(62)X(63)                         0.02343844956753689
		   12:Y(20)X(24)X(44)X(48)                         0.02342255777751948
		   13:Y(7)X(39)X(41)X(51)                          -0.02336816342421776
		   14:Y(31)X(39)X(41)X(63)                         0.02334985324292921
		   15:Y(38)X(39)X(58)X(59)                         0.0233367452067641
		   16:Y(21)X(34)X(48)X(49)                         -0.0232247270880893
		   17:Y(34)X(37)X(44)X(45)                         0.02321105901390225
		   18:Y(19)X(20)X(42)X(43)                         -0.02316786535566945
		   19:Y(25)X(37)X(45)X(47)                         -0.023119339529193
		   20:Y(17)X(38)X(41)X(64)                         0.02308873972848496
iQCC Step: 10
	Initial Energy: -2124.04517518475768
	Entanglers:
		    1:Y(39)X(41)                                   0.02362044576746811
		    2:Y(17)X(18)X(40)X(41)                         -0.0233035891265903
		    3:Y(29)X(32)X(59)X(62)                         0.02314322233373428
		    4:Y(29)X(39)X(63)X(67)                         -0.02308307455588359
		    5:Y(4)X(20)X(42)X(46)                          -0.02284986835281715
		    6:Y(38)X(39)X(46)X(51)                         -0.02276382696427796
		    7:Y(31)X(32)X(59)X(62)                         -0.02271626613536975
		    8:Y(19)X(20)X(46)X(49)                         0.02269754439034706
		    9:Y(6)X(39)X(40)X(51)                          0.02266494393079525
		   10:Y(35)X(36)X(42)X(43)                         0.02266037505282128
		   11:Y(38)X(39)X(40)X(51)                         -0.02261459875264307
		   12:Y(14)X(21)X(46)X(49)                         0.02259710291580286
		   13:Y(29)X(30)X(60)X(63)                         0.0225943598734978
		   14:Y(18)X(38)X(40)X(66)                         0.02254318133372866
		   15:Y(15)X(20)X(47)X(48)                         0.02253829452683048
		   16:Y(32)X(36)X(44)X(58)                         -0.02252867489010746
		   17:Y(30)X(31)X(58)X(61)                         0.02252182981449984
		   18:Y(18)X(21)X(47)X(48)                         0.02249268806758093
		   19:Y(28)X(31)X(61)X(62)                         0.02247323316659872
		   20:Y(34)X(37)X(42)X(43)                         -0.02243885271781683
iQCC Step: 11
	Initial Energy: -2124.04687940929443
	Entanglers:
		    1:Y(39)X(41)                                   -0.03075363309761397
		    2:Y(28)X(29)X(58)X(61)                         -0.02335552005127481
		    3:Y(38)X(39)X(41)X(50)                         0.02327066866889885
		    4:Y(29)X(39)X(63)X(65)                         0.02247488544354678
		    5:Y(28)X(38)X(62)X(66)                         -0.02230795456779055
		    6:Y(6)X(38)X(40)X(50)                          -0.02226757033000649
		    7:Y(8)X(9)X(42)X(43)                           0.02215958421733668
		    8:Y(9)X(21)X(43)X(49)                          0.02212429515082379
		    9:Y(38)X(39)X(58)X(63)                         0.02207418579049394
		   10:Y(7)X(26)X(40)X(41)                          0.02205522313165729
		   11:Y(33)X(35)X(43)X(61)                         0.02201085681505285
		   12:Y(21)X(34)X(43)X(68)                         0.02193903728823337
		   13:Y(21)X(36)X(45)X(64)                         0.02188226923194128
		   14:Y(19)X(25)X(45)X(49)                         -0.02186063791830226
		   15:Y(14)X(15)X(42)X(43)                         0.02184643032393533
		   16:Y(24)X(36)X(44)X(48)                         -0.02181548364278441
		   17:Y(28)X(31)X(64)X(67)                         -0.02165976193432588
		   18:Y(14)X(38)X(40)X(66)                         0.0216389996324036
		   19:Y(29)X(30)X(65)X(66)                         -0.02162992196776551
		   20:Y(22)X(34)X(42)X(46)                         0.02160959023666391
iQCC Step: 12
	Initial Energy: -2124.04862430602543
	Entanglers:
		    1:Y(38)X(40)                                   -0.0234472054387118
		    2:Y(38)X(39)X(62)X(63)                         0.02289955793351829
		    3:Y(28)X(29)X(66)X(67)                         0.02254112416687799
		    4:Y(31)X(35)X(43)X(59)                         -0.02216840379937873
		    5:Y(28)X(29)X(40)X(67)                         0.021761811227121
		    6:Y(29)X(39)X(59)X(65)                         0.02165491973466271
		    7:Y(14)X(37)X(44)X(69)                         0.02146774465888347
		    8:Y(28)X(38)X(62)X(64)                         0.02138020428984922
		    9:Y(30)X(38)X(40)X(62)                         0.02137980485723541
		   10:Y(30)X(36)X(62)X(68)                         0.02137437278561174
		   11:Y(19)X(39)X(41)X(65)                         -0.02137219649075301
		   12:Y(38)X(39)X(58)X(61)                         -0.02130877838464955
		   13:Y(32)X(37)X(44)X(59)                         0.02123181629589889
		   14:Y(35)X(36)X(59)X(60)                         -0.02122455638570357
		   15:Y(34)X(37)X(62)X(63)                         0.02112669757104471
		   16:Y(15)X(36)X(45)X(68)                         0.02111670272376769
		   17:Y(34)X(35)X(66)X(69)                         -0.0210725091568404
		   18:Y(4)X(5)X(46)X(47)                           0.02106629006361087
		   19:Y(38)X(39)X(47)X(50)                         0.02105772365216957
		   20:Y(31)X(39)X(41)X(59)                         0.02103802275468739
iQCC Step: 13
	Initial Energy: -2124.05022420132082
	Entanglers:
		    1:Y(34)X(35)X(68)X(69)                         0.0216302992286714
		    2:Y(20)X(37)X(44)X(65)                         0.02134933848969954
		    3:Y(28)X(38)X(58)X(64)                         0.02120757619142884
		    4:Y(20)X(35)X(42)X(69)                         0.02109330791196938
		    5:Y(19)X(38)X(40)X(65)                         -0.02107099492478746
		    6:Y(33)X(36)X(45)X(58)                         0.02100097012908705
		    7:Y(29)X(39)X(59)X(67)                         -0.02092682985642148
		    8:Y(30)X(39)X(40)X(59)                         -0.02087244573586686
		    9:Y(7)X(19)X(41)X(51)                          -0.02079423782881417
		   10:Y(34)X(35)X(67)X(68)                         0.02078193616495999
		   11:Y(24)X(36)X(44)X(46)                         -0.02071050459470389
		   12:Y(22)X(23)X(48)X(49)                         0.02068834901123472
		   13:Y(33)X(37)X(63)X(65)                         0.02066479640254196
		   14:Y(18)X(21)X(42)X(43)                         0.02065576829491815
		   15:Y(31)X(32)X(67)X(68)                         0.02060223327582767
		   16:Y(9)X(39)X(41)X(51)                          0.0205709664031745
		   17:Y(16)X(19)X(40)X(41)                         0.02052746864349751
		   18:Y(35)X(36)X(64)X(69)                         -0.02051913971259806
		   19:Y(35)X(36)X(65)X(68)                         0.02049542562621318
		   20:Y(9)X(26)X(40)X(41)                          -0.02049484018943204
iQCC Step: 14
	Initial Energy: -2124.05189992607848
	Entanglers:
		    1:Y(34)X(37)X(64)X(69)                         0.02094403952165653
		    2:Y(36)X(37)X(64)X(65)                         0.02062355617551825
		    3:Y(34)X(37)X(65)X(68)                         -0.02055061852798534
		    4:Y(28)X(38)X(58)X(66)                         -0.02049091168078971
		    5:Y(19)X(38)X(40)X(67)                         0.02048110223330443
		    6:Y(22)X(23)X(46)X(49)                         -0.02041761797602165
		    7:Y(15)X(34)X(43)X(66)                         0.02031575169170088
		    8:Y(29)X(32)X(59)X(60)                         0.02031406576347129
		    9:Y(18)X(19)X(46)X(47)                         0.02031034317581788
		   10:Y(30)X(34)X(42)X(58)                         -0.02030895846245749
		   11:Y(19)X(25)X(45)X(47)                         -0.02027587543519748
		   12:Y(33)X(35)X(63)X(69)                         0.02023281851591698
		   13:Y(28)X(33)X(58)X(61)                         0.02022803619568581
		   14:Y(22)X(23)X(47)X(48)                         0.02015736231922673
		   15:Y(15)X(20)X(44)X(45)                         -0.0201546072078581
		   16:Y(14)X(35)X(42)X(67)                         0.02015405519180814
		   17:Y(31)X(38)X(41)X(58)                         -0.02013673580886002
		   18:Y(15)X(34)X(43)X(68)                         -0.02011595371113668
		   19:Y(8)X(20)X(42)X(48)                          0.02010229431437524
		   20:Y(15)X(16)X(40)X(41)                         -0.02009564732657486
iQCC Step: 15
	Initial Energy: -2124.05349310136080
	Entanglers:
		    1:Y(15)X(18)X(44)X(45)                         0.02120474210255466
		    2:Y(32)X(34)X(42)X(60)                         0.02076597365580091
		    3:Y(30)X(38)X(40)X(58)                         0.02054517317787788
		    4:Y(22)X(23)X(46)X(47)                         0.02001143807223747
		    5:Y(18)X(24)X(44)X(48)                         -0.01989383060350324
		    6:Y(21)X(25)X(45)X(47)                         0.01985794476113309
		    7:Y(27)X(32)X(62)X(63)                         0.01983320801090378
		    8:Y(21)X(24)X(47)X(48)                         0.01980167115810835
		    9:Y(30)X(35)X(42)X(59)                         0.01977325209753262
		   10:Y(19)X(26)X(41)X(50)                         0.01967817490989648
		   11:Y(28)X(31)X(59)X(62)                         -0.01963696637047035
		   12:Y(26)X(33)X(62)X(63)                         -0.01959860203548251
		   13:Y(14)X(35)X(42)X(69)                         -0.01955897578277941
		   14:Y(20)X(21)X(68)X(69)                         0.01955339585156913
		   15:Y(20)X(25)X(46)X(49)                         0.01954167874965294
		   16:Y(27)X(39)X(41)X(47)                         -0.01949226584609458
		   17:Y(29)X(30)X(58)X(63)                         -0.01948575612675564
		   18:Y(31)X(32)X(65)X(68)                         0.0194631406350579
		   19:Y(30)X(33)X(66)X(69)                         0.01941315376872839
		   20:Y(31)X(38)X(41)X(62)                         -0.01938236185470968
iQCC Step: 16
	Initial Energy: -2124.05496710525767
	Entanglers:
		    1:Y(7)X(21)X(45)X(49)                          -0.01966793277812155
		    2:Y(32)X(35)X(42)X(61)                         -0.01939458740059555
		    3:Y(38)X(39)X(60)X(63)                         -0.01929942694111785
		    4:Y(34)X(37)X(58)X(61)                         -0.01922821234827816
		    5:Y(36)X(37)X(48)X(49)                         0.01922120771495911
		    6:Y(8)X(38)X(40)X(50)                          0.01913758417976479
		    7:Y(14)X(21)X(44)X(45)                         0.01913003552392224
		    8:Y(32)X(36)X(62)X(64)                         0.01911469176906253
		    9:Y(21)X(37)X(45)X(69)                         -0.01907637739120125
		   10:Y(32)X(37)X(63)X(68)                         -0.01907615225885698
		   11:Y(30)X(31)X(42)X(43)                         0.01907494835194003
		   12:Y(18)X(38)X(40)X(64)                         -0.01906340243812286
		   13:Y(30)X(39)X(40)X(63)                         -0.01906246885346627
		   14:Y(14)X(38)X(40)X(64)                         -0.01902194787902963
		   15:Y(33)X(35)X(43)X(59)                         0.019013419247692
		   16:Y(9)X(21)X(45)X(47)                          -0.01900805553918161
		   17:Y(31)X(34)X(43)X(58)                         0.01898894157041037
		   18:Y(14)X(39)X(50)X(51)                         0.01897151245732938
		   19:Y(17)X(20)X(42)X(43)                         0.01895851196962132
		   20:Y(7)X(38)X(41)X(50)                          0.01891806351828036
iQCC Step: 17
	Initial Energy: -2124.05625323535833
	Entanglers:
		    1:Y(14)X(19)X(44)X(45)                         -0.01996296546217059
		    2:Y(30)X(33)X(64)X(69)                         0.01876603602278106
		    3:Y(5)X(35)X(43)X(49)                          0.01876506716216117
		    4:Y(20)X(37)X(47)X(48)                         -0.01871456402651371
		    5:Y(35)X(36)X(62)X(63)                         -0.01865512229275168
		    6:Y(16)X(21)X(42)X(43)                         -0.0185893394848084
		    7:Y(27)X(39)X(51)X(67)                         0.01855898070594411
		    8:Y(18)X(24)X(44)X(46)                         -0.01854179699415591
		    9:Y(6)X(18)X(40)X(50)                          -0.01848964301475288
		   10:Y(28)X(31)X(65)X(66)                         0.01845268641374749
		   11:Y(6)X(27)X(40)X(41)                          -0.01841833407805664
		   12:Y(15)X(39)X(41)X(67)                         0.01839604036717252
		   13:Y(9)X(26)X(50)X(51)                          -0.01837189180735296
		   14:Y(15)X(38)X(50)X(51)                         -0.01836963902004849
		   15:Y(21)X(36)X(46)X(49)                         -0.01836462448174195
		   16:Y(31)X(32)X(64)X(69)                         -0.01836391376355615
		   17:Y(21)X(24)X(45)X(48)                         -0.01834010670453969
		   18:Y(30)X(31)X(68)X(69)                         0.01830899724726215
		   19:Y(24)X(25)X(46)X(47)                         0.01830238220612176
		   20:Y(33)X(34)X(43)X(60)                         -0.01826908212474241
iQCC Step: 18
	Initial Energy: -2124.05760826870937
	Entanglers:
		    1:Y(24)X(25)X(46)X(49)                         0.01880260411707701
		    2:Y(20)X(25)X(47)X(48)                         -0.01836779774635092
		    3:Y(21)X(22)X(43)X(48)                         -0.0182652091800942
		    4:Y(21)X(24)X(46)X(49)                         -0.01825723405342934
		    5:Y(28)X(33)X(59)X(62)                         -0.01821809737670177
		    6:Y(19)X(36)X(45)X(64)                         -0.01818951007595537
		    7:Y(24)X(25)X(47)X(48)                         -0.01814617355807769
		    8:Y(15)X(38)X(40)X(67)                         0.0181184535466612
		    9:Y(28)X(29)X(41)X(66)                         -0.01811048133571656
		   10:Y(30)X(31)X(64)X(65)                         0.0180567049341159
		   11:Y(8)X(27)X(40)X(41)                          0.0180432284447392
		   12:Y(22)X(23)X(43)X(46)                         -0.01804155613433652
		   13:Y(18)X(19)X(66)X(67)                         0.0180387352526633
		   14:Y(21)X(22)X(43)X(46)                         0.018032229137557
		   15:Y(34)X(37)X(60)X(61)                         -0.01801415428547743
		   16:Y(30)X(33)X(65)X(68)                         -0.01801140835974994
		   17:Y(31)X(35)X(59)X(69)                         -0.01799903429596071
		   18:Y(20)X(24)X(44)X(46)                         0.01799087861457528
		   19:Y(29)X(32)X(58)X(63)                         -0.01798594527866815
		   20:Y(32)X(34)X(62)X(68)                         0.01796480236411117
iQCC Step: 19
	Initial Energy: -2124.05887246367820
	Entanglers:
		    1:Y(29)X(30)X(64)X(67)                         0.01836597996586262
		    2:Y(4)X(21)X(43)X(46)                          0.01820960434628344
		    3:Y(22)X(23)X(42)X(47)                         0.01798847021025578
		    4:Y(29)X(32)X(58)X(61)                         -0.01797911377505476
		    5:Y(29)X(39)X(61)X(65)                         -0.01791793016952439
		    6:Y(38)X(39)X(50)X(55)                         -0.01787503690720934
		    7:Y(29)X(39)X(61)X(67)                         0.01787467036044784
		    8:Y(33)X(36)X(62)X(69)                         -0.01785862602086344
		    9:Y(6)X(20)X(44)X(48)                          -0.01784591877828817
		   10:Y(9)X(19)X(41)X(51)                          0.01774719148792021
		   11:Y(6)X(7)X(40)X(41)                           0.01773150278554622
		   12:Y(14)X(17)X(40)X(41)                         0.01772771600493979
		   13:Y(31)X(35)X(59)X(67)                         0.01772648975258608
		   14:Y(28)X(38)X(60)X(64)                         -0.01771659402462471
		   15:Y(31)X(37)X(61)X(69)                         0.01769206831253876
		   16:Y(26)X(38)X(50)X(66)                         0.01763280122765345
		   17:Y(38)X(40)                                   -0.01763271517393214
		   18:Y(33)X(36)X(63)X(68)                         -0.01758217705838087
		   19:Y(28)X(33)X(59)X(60)                         -0.01758075016846351
		   20:Y(32)X(34)X(42)X(58)                         0.01757255366843567
iQCC Step: 20
	Initial Energy: -2124.06006312828004
	Entanglers:
		    1:Y(38)X(40)                                   -0.02392683834009486
		    2:Y(28)X(38)X(60)X(66)                         0.01871003039669376
		    3:Y(8)X(20)X(44)X(46)                          -0.01765250918720449
		    4:Y(38)X(39)X(60)X(61)                         0.01752754749151939
		    5:Y(30)X(33)X(67)X(68)                         -0.01750614184145119
		    6:Y(18)X(27)X(40)X(51)                         0.01746588861368075
		    7:Y(31)X(39)X(41)X(61)                         -0.01743759367921878
		    8:Y(25)X(30)X(60)X(61)                         0.01741396499442119
		    9:Y(30)X(34)X(58)X(68)                         -0.01741314650663799
		   10:Y(31)X(32)X(66)X(69)                         -0.01739125244748998
		   11:Y(35)X(36)X(60)X(61)                         0.0173780102225512
		   12:Y(38)X(39)X(59)X(62)                         -0.01737024722906474
		   13:Y(8)X(27)X(50)X(51)                          0.01735500790214766
		   14:Y(8)X(9)X(48)X(49)                           0.01733922795032026
		   15:Y(30)X(37)X(44)X(45)                         0.01731732651786823
		   16:Y(26)X(27)X(62)X(63)                         0.01730754691914725
		   17:Y(6)X(9)X(50)X(51)                           -0.0172730064837391
		   18:Y(37)X(38)X(40)X(41)                         0.01725690351155821
		   19:Y(24)X(31)X(60)X(61)                         -0.01725081069017094
		   20:Y(18)X(37)X(44)X(65)                         -0.01724412781856198
iQCC Step: 21
	Initial Energy: -2124.06120236498327
	Entanglers:
		    1:Y(38)X(39)X(59)X(60)                         0.01907962471594289
		    2:Y(38)X(39)X(61)X(62)                         0.01772960610398491
		    3:Y(32)X(37)X(44)X(45)                         0.01755170092569229
		    4:Y(30)X(34)X(58)X(66)                         0.01742879058422755
		    5:Y(7)X(8)X(50)X(51)                           0.01727809533803614
		    6:Y(31)X(36)X(44)X(45)                         -0.01721974403947235
		    7:Y(18)X(19)X(64)X(65)                         0.01712206923760264
		    8:Y(20)X(35)X(46)X(47)                         0.01708610310269679
		    9:Y(29)X(35)X(61)X(65)                         -0.01704871585645431
		   10:Y(33)X(36)X(44)X(45)                         -0.01702312144687937
		   11:Y(31)X(37)X(45)X(63)                         0.01701948950650588
		   12:Y(5)X(35)X(43)X(47)                          -0.01700481251705607
		   13:Y(15)X(20)X(46)X(49)                         -0.01699010890897949
		   14:Y(14)X(21)X(47)X(48)                         -0.01697338910488173
		   15:Y(24)X(25)X(45)X(48)                         0.01693557403697645
		   16:Y(15)X(38)X(40)X(65)                         -0.01691201283177353
		   17:Y(4)X(9)X(47)X(48)                           0.01684270018979217
		   18:Y(30)X(31)X(42)X(67)                         0.0168209794347814
		   19:Y(20)X(37)X(46)X(49)                         0.01681452638340403
		   20:Y(24)X(25)X(44)X(49)                         -0.01679926893924068
iQCC Step: 22
	Initial Energy: -2124.06232628379075
	Entanglers:
		    1:Y(38)X(40)                                   -0.01770694482649284
		    2:Y(8)X(9)X(50)X(51)                           0.01715636679235695
		    3:Y(33)X(35)X(59)X(65)                         -0.01703542411040808
		    4:Y(18)X(39)X(41)X(64)                         -0.01702931976572465
		    5:Y(21)X(36)X(47)X(48)                         0.01694032904357259
		    6:Y(20)X(25)X(44)X(49)                         -0.0167593715743981
		    7:Y(35)X(36)X(58)X(63)                         0.01674114209960713
		    8:Y(4)X(21)X(43)X(48)                          -0.0167344875624469
		    9:Y(34)X(37)X(67)X(68)                         -0.01672998979069257
		   10:Y(15)X(23)X(43)X(47)                         0.01666779764562045
		   11:Y(5)X(8)X(46)X(49)                           0.01666250397180071
		   12:Y(21)X(34)X(46)X(47)                         -0.0166567050240571
		   13:Y(33)X(35)X(61)X(67)                         -0.0166301431724213
		   14:Y(34)X(37)X(59)X(62)                         0.0165912051237153
		   15:Y(29)X(30)X(41)X(66)                         0.01658520497456557
		   16:Y(26)X(38)X(40)X(46)                         -0.0165847994556114
		   17:Y(5)X(22)X(42)X(47)                          0.01657250002097436
		   18:Y(35)X(36)X(66)X(69)                         -0.01653211932909823
		   19:Y(15)X(27)X(41)X(51)                         -0.01652423141497992
		   20:Y(15)X(34)X(43)X(64)                         0.01651351370447164
iQCC Step: 23
	Initial Energy: -2124.06337590835392
	Entanglers:
		    1:Y(38)X(40)                                   -0.02324672839074526
		    2:Y(33)X(35)X(59)X(67)                         -0.01769863868038343
		    3:Y(31)X(35)X(61)X(69)                         -0.01675629506149085
		    4:Y(36)X(37)X(60)X(63)                         0.01672102007250398
		    5:Y(34)X(35)X(64)X(69)                         -0.0166864624945397
		    6:Y(4)X(23)X(43)X(46)                          0.01666316892376419
		    7:Y(27)X(39)X(51)X(65)                         -0.01649058744358954
		    8:Y(15)X(18)X(50)X(51)                         -0.0164799697713356
		    9:Y(5)X(22)X(46)X(47)                          0.0164322903655958
		   10:Y(38)X(39)X(51)X(54)                         0.01642652931777524
		   11:Y(8)X(39)X(40)X(51)                          -0.01640904417632692
		   12:Y(36)X(37)X(61)X(62)                         -0.01640634795370361
		   13:Y(34)X(35)X(46)X(47)                         0.01639073824114857
		   14:Y(30)X(36)X(60)X(68)                         0.01638145836009573
		   15:Y(24)X(25)X(45)X(46)                         0.01637981555368582
		   16:Y(4)X(34)X(42)X(48)                          0.01633706811997998
		   17:Y(27)X(37)X(63)X(69)                         -0.01633596100666421
		   18:Y(4)X(23)X(47)X(48)                          -0.01633041077738916
		   19:Y(19)X(37)X(45)X(69)                         0.01632617682238922
		   20:Y(15)X(18)X(65)X(66)                         -0.01632334243506409
iQCC Step: 24
	Initial Energy: -2124.06440756106576
	Entanglers:
		    1:Y(38)X(40)                                   -0.01747654639386391
		    2:Y(5)X(22)X(46)X(49)                          -0.01670670948455618
		    3:Y(4)X(23)X(48)X(49)                          -0.01661307622244559
		    4:Y(34)X(35)X(46)X(49)                         -0.01636078950699329
		    5:Y(9)X(19)X(45)X(49)                          0.01629375636795887
		    6:Y(4)X(23)X(46)X(47)                          -0.01628813961538034
		    7:Y(14)X(19)X(64)X(67)                         -0.01628030723572409
		    8:Y(32)X(34)X(58)X(64)                         -0.01627796798710017
		    9:Y(26)X(39)X(40)X(47)                         0.01621697430974523
		   10:Y(36)X(37)X(60)X(61)                         0.01620132008346288
		   11:Y(35)X(36)X(67)X(68)                         0.01619332221904119
		   12:Y(33)X(34)X(42)X(43)                         -0.016191906245108
		   13:Y(23)X(28)X(62)X(63)                         0.01617314576453562
		   14:Y(9)X(21)X(45)X(49)                          -0.01617246327856597
		   15:Y(4)X(5)X(48)X(49)                           0.01612971733154907
		   16:Y(18)X(35)X(42)X(69)                         0.01612752174598793
		   17:Y(16)X(17)X(40)X(41)                         0.01611913514783051
		   18:Y(7)X(21)X(45)X(47)                          -0.01610433901338312
		   19:Y(7)X(8)X(40)X(41)                           0.01605665401798278
		   20:Y(30)X(36)X(44)X(62)                         0.01604063352853047
iQCC Step: 25
	Initial Energy: -2124.06542467189865
	Entanglers:
		    1:Y(38)X(40)                                   -0.02014029270987091
		    2:Y(4)X(5)X(47)X(48)                           0.01661201015382975
		    3:Y(32)X(34)X(58)X(66)                         -0.01653790724817428
		    4:Y(14)X(15)X(66)X(67)                         0.01652802634862803
		    5:Y(7)X(19)X(45)X(49)                          0.01626537368313308
		    6:Y(28)X(34)X(60)X(64)                         -0.01612587331725043
		    7:Y(9)X(37)X(45)X(49)                          -0.01612185892734826
		    8:Y(5)X(8)X(47)X(48)                           -0.01607698662936803
		    9:Y(29)X(37)X(63)X(65)                         -0.01598149138801144
		   10:Y(36)X(39)X(40)X(41)                         -0.01598039622814735
		   11:Y(30)X(39)X(40)X(61)                         0.01596914183792762
		   12:Y(5)X(22)X(48)X(49)                          0.01594625780476783
		   13:Y(21)X(24)X(45)X(46)                         -0.01594248555354626
		   14:Y(18)X(39)X(41)X(66)                         0.01593779130024991
		   15:Y(30)X(38)X(40)X(60)                         -0.01593613581649533
		   16:Y(32)X(35)X(42)X(43)                         0.01590459717405816
		   17:Y(7)X(15)X(41)X(51)                          -0.01588831661376755
		   18:Y(19)X(34)X(43)X(68)                         0.0158861017468354
		   19:Y(26)X(38)X(50)X(64)                         -0.01588444743357701
		   20:Y(4)X(9)X(46)X(49)                           -0.01583041287189126
iQCC Step: 26
	Initial Energy: -2124.06637285621946
	Entanglers:
		    1:Y(38)X(40)                                   -0.02340824820995653
		    2:Y(14)X(39)X(41)X(64)                         -0.01627923916621647
		    3:Y(5)X(22)X(47)X(48)                          0.01621268782299688
		    4:Y(31)X(38)X(41)X(60)                         0.016069316159284
		    5:Y(14)X(26)X(40)X(50)                         -0.01578648305456519
		    6:Y(27)X(38)X(41)X(46)                         0.01577943925421295
		    7:Y(32)X(34)X(60)X(66)                         -0.01577855336834138
		    8:Y(30)X(35)X(61)X(66)                         -0.01577349188531423
		    9:Y(31)X(37)X(59)X(65)                         -0.01575065802166053
		   10:Y(14)X(19)X(50)X(51)                         0.01573671864287159
		   11:Y(8)X(18)X(40)X(50)                          0.0157012417033813
		   12:Y(4)X(23)X(46)X(49)                          0.01568735278943818
		   13:Y(4)X(39)X(40)X(51)                          0.01568100755990267
		   14:Y(14)X(35)X(42)X(65)                         0.01565632713012245
		   15:Y(34)X(37)X(66)X(69)                         0.01565093619956086
		   16:Y(28)X(29)X(65)X(66)                         0.01562805609990365
		   17:Y(24)X(25)X(44)X(47)                         -0.01555384000014468
		   18:Y(34)X(35)X(65)X(68)                         0.01553006638778792
		   19:Y(20)X(25)X(44)X(45)                         0.01552208856994356
		   20:Y(14)X(39)X(41)X(66)                         0.01550555439747245
iQCC Step: 27
	Initial Energy: -2124.06729890281076
	Entanglers:
		    1:Y(38)X(40)                                   -0.02330462822337811
		    2:Y(30)X(35)X(61)X(64)                         -0.01557830823344582
		    3:Y(30)X(34)X(60)X(68)                         -0.01550191923704308
		    4:Y(28)X(31)X(40)X(67)                         0.01543170995967647
		    5:Y(22)X(29)X(62)X(63)                         -0.01542062208233025
		    6:Y(27)X(39)X(41)X(55)                         -0.01536053999240591
		    7:Y(20)X(23)X(42)X(47)                         0.01533427557049718
		    8:Y(33)X(36)X(58)X(69)                         0.01532980121780095
		    9:Y(4)X(5)X(46)X(49)                           -0.01532023241860975
		   10:Y(6)X(21)X(45)X(48)                          0.01530177653655195
		   11:Y(31)X(32)X(44)X(45)                         -0.01527316996723004
		   12:Y(21)X(34)X(60)X(61)                         0.01525916255608164
		   13:Y(26)X(27)X(41)X(50)                         -0.0152033341912231
		   14:Y(26)X(27)X(40)X(51)                         0.01519364726675529
		   15:Y(14)X(22)X(42)X(46)                         0.01514053093518446
		   16:Y(15)X(18)X(64)X(67)                         0.01513156299652592
		   17:Y(32)X(37)X(59)X(68)                         0.01512759443357358
		   18:Y(15)X(39)X(41)X(65)                         -0.01508186219385056
		   19:Y(19)X(36)X(62)X(63)                         -0.01507324466506279
		   20:Y(21)X(24)X(44)X(45)                         -0.01503295263984558
iQCC Step: 28
	Initial Energy: -2124.06816423685268
	Entanglers:
		    1:Y(38)X(40)                                   -0.02314707516436383
		    2:Y(14)X(15)X(64)X(65)                         0.01537478985181774
		    3:Y(28)X(31)X(40)X(41)                         0.01528939990704112
		    4:Y(33)X(34)X(43)X(58)                         -0.01500814654214865
		    5:Y(8)X(18)X(44)X(48)                          0.01499260182861101
		    6:Y(14)X(19)X(65)X(66)                         0.01499166390427086
		    7:Y(34)X(35)X(42)X(49)                         0.01491500745261704
		    8:Y(35)X(36)X(47)X(48)                         0.01489682385305913
		    9:Y(20)X(36)X(44)X(68)                         -0.01481594594027067
		   10:Y(32)X(35)X(42)X(59)                         -0.01480926344316074
		   11:Y(23)X(38)X(40)X(41)                         0.01478704138471239
		   12:Y(8)X(21)X(45)X(46)                          0.01474317086621732
		   13:Y(34)X(37)X(47)X(48)                         -0.01469993863759095
		   14:Y(28)X(36)X(62)X(64)                         -0.01467654798241772
		   15:Y(26)X(38)X(40)X(54)                         -0.01466729080272751
		   16:Y(30)X(31)X(43)X(66)                         -0.01465997119499488
		   17:Y(9)X(24)X(44)X(47)                          0.0146038105337227
		   18:Y(26)X(36)X(62)X(68)                         -0.01460180075655729
		   19:Y(18)X(19)X(48)X(49)                         0.01459593324358453
		   20:Y(20)X(25)X(44)X(47)                         -0.01457520044165433
iQCC Step: 29
	Initial Energy: -2124.06899606353318
	Entanglers:
		    1:Y(38)X(40)                                   -0.02278129857444665
		    2:Y(8)X(20)X(44)X(48)                          -0.01479229587013189
		    3:Y(30)X(36)X(58)X(64)                         -0.01475098641639258
		    4:Y(36)X(37)X(46)X(47)                         0.01465978963642684
		    5:Y(18)X(35)X(42)X(67)                         -0.01459937415641345
		    6:Y(19)X(34)X(43)X(66)                         -0.01459810807143735
		    7:Y(6)X(20)X(44)X(46)                          -0.01456971941928284
		    8:Y(8)X(25)X(45)X(46)                          0.01454834291193554
		    9:Y(29)X(32)X(62)X(63)                         0.01454552690863602
		   10:Y(7)X(19)X(45)X(47)                          0.01454193949256878
		   11:Y(33)X(36)X(62)X(63)                         0.01449052224659001
		   12:Y(30)X(35)X(60)X(61)                         0.01448694509548262
		   13:Y(6)X(9)X(40)X(41)                           -0.01445653857665825
		   14:Y(7)X(8)X(47)X(50)                           0.01444685738678041
		   15:Y(22)X(23)X(42)X(49)                         -0.01444454106289814
		   16:Y(6)X(9)X(46)X(51)                           0.01443050439198792
		   17:Y(31)X(34)X(60)X(61)                         -0.01441225368654445
		   18:Y(15)X(18)X(42)X(43)                         0.01440662127534363
		   19:Y(9)X(24)X(48)X(49)                          -0.01440429017365291
		   20:Y(5)X(26)X(50)X(51)                          0.01439887885591565
iQCC Step: 30
	Initial Energy: -2124.06977265717023
	Entanglers:
		    1:Y(38)X(40)                                   -0.0271147361898621
		    2:Y(36)X(37)X(46)X(49)                         0.01499034247846216
		    3:Y(9)X(24)X(47)X(48)                          0.01480065263973761
		    4:Y(6)X(18)X(44)X(48)                          0.01453241813437951
		    5:Y(26)X(33)X(58)X(63)                         0.01442048170223475
		    6:Y(32)X(37)X(62)X(63)                         -0.01438574163403554
		    7:Y(29)X(35)X(61)X(67)                         -0.01437236986386157
		    8:Y(20)X(23)X(42)X(49)                         -0.01435417471628795
		    9:Y(5)X(20)X(42)X(47)                          0.01426441748096318
		   10:Y(34)X(35)X(43)X(48)                         -0.01424672308600136
		   11:Y(27)X(32)X(58)X(63)                         -0.01424376809985258
		   12:Y(21)X(36)X(44)X(69)                         -0.014242989153941
		   13:Y(5)X(15)X(43)X(49)                          -0.01422346213986972
		   14:Y(15)X(18)X(47)X(50)                         -0.01421799693666167
		   15:Y(28)X(33)X(62)X(63)                         -0.01421230202300327
		   16:Y(27)X(38)X(51)X(66)                         -0.01419634236592127
		   17:Y(8)X(25)X(46)X(49)                          0.01416017210087524
		   18:Y(14)X(15)X(50)X(51)                         0.01415996349478063
		   19:Y(15)X(23)X(43)X(49)                         -0.01415847410592992
		   20:Y(8)X(39)X(40)X(41)                          -0.01415111670453533
iQCC Step: 31
	Initial Energy: -2124.07054341061939
	Entanglers:
		    1:Y(38)X(40)                                   -0.01782995833264969
		    2:Y(19)X(36)X(44)X(69)                         0.01454193743916493
		    3:Y(14)X(19)X(46)X(51)                         -0.01427560732287933
		    4:Y(22)X(39)X(40)X(41)                         -0.0142203250927327
		    5:Y(22)X(23)X(43)X(48)                         0.01420692572626137
		    6:Y(32)X(37)X(62)X(69)                         -0.01411047937196012
		    7:Y(30)X(37)X(44)X(63)                         -0.01410177071364547
		    8:Y(35)X(43)                                   0.0140982932727782
		    9:Y(28)X(29)X(64)X(67)                         -0.01408756761068593
		   10:Y(6)X(19)X(41)X(50)                          0.0140798154942016
		   11:Y(26)X(39)X(50)X(67)                         -0.01402716074566111
		   12:Y(4)X(34)X(42)X(46)                          -0.0140161525132347
		   13:Y(27)X(30)X(62)X(63)                         0.01400446847313632
		   14:Y(33)X(35)X(45)X(63)                         0.01400225050916376
		   15:Y(9)X(19)X(45)X(47)                          0.01397017169147268
		   16:Y(30)X(33)X(42)X(69)                         0.01393381893403377
		   17:Y(6)X(14)X(40)X(50)                          -0.013921976812805
		   18:Y(31)X(32)X(42)X(43)                         0.01391795612343347
		   19:Y(21)X(32)X(45)X(68)                         0.01390750952964398
		   20:Y(27)X(36)X(44)X(45)                         -0.01389798424467651
iQCC Step: 32
	Initial Energy: -2124.07129040625296
	Entanglers:
		    1:Y(38)X(40)                                   -0.03628431544281817
		    2:Y(35)X(43)                                   0.02143487322936636
		    3:Y(39)X(41)                                   0.01449271555692457
		    4:Y(31)X(32)X(43)X(68)                         0.01434295371106783
		    5:Y(5)X(6)X(50)X(51)                           -0.01392116858721156
		    6:Y(26)X(31)X(62)X(63)                         -0.01389735910965739
		    7:Y(27)X(32)X(59)X(62)                         0.01389071750858467
		    8:Y(27)X(28)X(59)X(62)                         -0.01386932247897125
		    9:Y(5)X(39)X(41)X(51)                          -0.01383234322188549
		   10:Y(21)X(34)X(49)X(68)                         0.01377021185390595
		   11:Y(8)X(36)X(44)X(48)                          -0.01376453348135521
		   12:Y(14)X(19)X(42)X(43)                         -0.0137561000622021
		   13:Y(6)X(21)X(45)X(46)                          0.01373552347166029
		   14:Y(26)X(37)X(44)X(45)                         0.01372249606519019
		   15:Y(7)X(37)X(45)X(49)                          -0.01369924926187496
		   16:Y(8)X(25)X(45)X(48)                          0.01367303304718581
		   17:Y(4)X(27)X(50)X(51)                          -0.01366698198111055
		   18:Y(31)X(39)X(59)X(67)                         -0.01366618428596843
		   19:Y(20)X(33)X(44)X(69)                         0.01366343015206281
		   20:Y(30)X(31)X(42)X(65)                         0.01365147888673193
iQCC Step: 33
	Initial Energy: -2124.07192223073571
	Entanglers:
		    1:Y(39)X(41)                                   0.02434577268687359
		    2:Y(35)X(43)                                   0.01450822481609543
		    3:Y(6)X(25)X(45)X(46)                          0.01377776576626614
		    4:Y(6)X(9)X(47)X(50)                           -0.01373204493761916
		    5:Y(21)X(36)X(43)X(68)                         -0.01372793604431075
		    6:Y(26)X(29)X(58)X(63)                         -0.01368448896567302
		    7:Y(8)X(9)X(40)X(41)                           0.01365276941360506
		    8:Y(5)X(15)X(43)X(47)                          0.01363781069857607
		    9:Y(9)X(24)X(44)X(49)                          0.01362294105716061
		   10:Y(7)X(8)X(46)X(51)                           -0.01359626905166043
		   11:Y(20)X(37)X(42)X(69)                         -0.01359416224850576
		   12:Y(14)X(15)X(44)X(45)                         0.01358738576370528
		   13:Y(30)X(35)X(59)X(60)                         -0.01355840574335886
		   14:Y(18)X(39)X(47)X(50)                         0.01354475743890805
		   15:Y(31)X(34)X(58)X(61)                         -0.01354290888785744
		   16:Y(20)X(35)X(48)X(69)                         0.01353595940205584
		   17:Y(18)X(37)X(46)X(47)                         -0.01351741751814214
		   18:Y(8)X(25)X(46)X(47)                          0.01349469802789481
		   19:Y(8)X(23)X(43)X(46)                          0.01349270861983014
		   20:Y(8)X(25)X(48)X(49)                          0.01348307436001543
iQCC Step: 34
	Initial Energy: -2124.07261912666354
	Entanglers:
		    1:Y(39)X(41)                                   0.02411831900749618
		    2:Y(35)X(43)                                   0.02095929867164837
		    3:Y(31)X(34)X(60)X(67)                         -0.01349807920121403
		    4:Y(18)X(37)X(62)X(63)                         0.01348238824553112
		    5:Y(9)X(20)X(44)X(47)                          0.01344973716806532
		    6:Y(4)X(7)X(50)X(51)                           0.01343260634169953
		    7:Y(26)X(33)X(59)X(62)                         -0.01341971435061789
		    8:Y(19)X(38)X(50)X(67)                         -0.01340967939664773
		    9:Y(8)X(25)X(47)X(48)                          -0.01340591107872091
		   10:Y(28)X(34)X(60)X(66)                         -0.01339477911487953
		   11:Y(4)X(23)X(43)X(48)                          -0.01338367894943492
		   12:Y(4)X(38)X(40)X(50)                          -0.01338117502664716
		   13:Y(18)X(39)X(51)X(66)                         -0.01337126551583923
		   14:Y(6)X(7)X(46)X(47)                           0.01337067532235812
		   15:Y(9)X(38)X(40)X(41)                          0.01336594349640005
		   16:Y(19)X(38)X(46)X(51)                         0.01334576084206371
		   17:Y(5)X(20)X(42)X(49)                          -0.01333398612875196
		   18:Y(6)X(25)X(45)X(48)                          0.01328857279916537
		   19:Y(10)X(11)X(70)X(71)                         0.01328768052856537
		   20:Y(9)X(35)X(43)X(49)                          0.01327174992499085
iQCC Step: 35
	Initial Energy: -2124.07325512305033
	Entanglers:
		    1:Y(39)X(41)                                   0.02520100990228858
		    2:Y(35)X(43)                                   0.01500011795748109
		    3:Y(9)X(38)X(41)X(50)                          -0.01328350554191944
		    4:Y(19)X(36)X(46)X(47)                         0.01327758217952609
		    5:Y(9)X(22)X(42)X(47)                          0.01325358373825288
		    6:Y(36)X(37)X(44)X(49)                         0.01324609062648956
		    7:Y(5)X(22)X(42)X(49)                          -0.01323266321377895
		    8:Y(19)X(29)X(41)X(63)                         0.01323070944056938
		    9:Y(9)X(26)X(47)X(50)                          -0.01322999193427931
		   10:Y(21)X(34)X(42)X(65)                         0.01322167702781891
		   11:Y(25)X(30)X(58)X(61)                         0.01321467063072441
		   12:Y(32)X(35)X(61)X(68)                         -0.01320992031323731
		   13:Y(23)X(34)X(43)X(46)                         -0.01320665653029745
		   14:Y(18)X(39)X(51)X(64)                         0.01320194307478335
		   15:Y(8)X(27)X(46)X(51)                          -0.01319901563488292
		   16:Y(17)X(20)X(47)X(48)                         0.01319150533719968
		   17:Y(28)X(33)X(64)X(69)                         -0.01316429557069082
		   18:Y(23)X(34)X(43)X(48)                         0.01312935296955878
		   19:Y(29)X(32)X(65)X(68)                         -0.01312512188188843
		   20:Y(7)X(20)X(44)X(49)                          0.01312208910066968
iQCC Step: 36
	Initial Energy: -2124.07390706818478
	Entanglers:
		    1:Y(39)X(41)                                   0.02138792669161062
		    2:Y(35)X(43)                                   0.01965876391997857
		    3:Y(7)X(24)X(44)X(47)                          0.01332298281176348
		    4:Y(21)X(34)X(42)X(67)                         0.01332028303204294
		    5:Y(32)X(33)X(64)X(65)                         0.01327125188599646
		    6:Y(37)X(45)                                   0.01325432086419948
		    7:Y(7)X(24)X(44)X(49)                          0.01325142385848449
		    8:Y(5)X(38)X(41)X(50)                          0.01312674257611708
		    9:Y(26)X(27)X(44)X(45)                         0.01310141129066494
		   10:Y(24)X(31)X(59)X(60)                         0.01306616465233067
		   11:Y(31)X(37)X(43)X(59)                         0.01306433349494927
		   12:Y(16)X(38)X(40)X(66)                         0.01305984633935372
		   13:Y(8)X(21)X(43)X(48)                          -0.01305413258544799
		   14:Y(21)X(33)X(45)X(63)                         0.01305332166444973
		   15:Y(19)X(38)X(50)X(65)                         0.01304937787913909
		   16:Y(16)X(21)X(46)X(49)                         0.0130408855792284
		   17:Y(35)X(36)X(46)X(49)                         -0.01303050458913656
		   18:Y(4)X(14)X(42)X(48)                          -0.01302175105427651
		   19:Y(20)X(25)X(42)X(43)                         -0.01301137879782594
		   20:Y(9)X(22)X(47)X(48)                          0.01297283047063867
iQCC Step: 37
	Initial Energy: -2124.07446547356858
	Entanglers:
		    1:Y(39)X(41)                                   0.03050566804244173
		    2:Y(35)X(43)                                   0.02288968222125097
		    3:Y(14)X(22)X(42)X(48)                         -0.01356119428268401
		    4:Y(25)X(26)X(44)X(45)                         0.01333607449343325
		    5:Y(7)X(8)X(46)X(49)                           -0.01303115697187247
		    6:Y(19)X(33)X(45)X(63)                         -0.01299678488577653
		    7:Y(9)X(24)X(46)X(49)                          -0.0129487698768857
		    8:Y(8)X(37)X(44)X(45)                          -0.01293185757322616
		    9:Y(30)X(38)X(58)X(66)                         -0.01292291433052413
		   10:Y(6)X(39)X(40)X(41)                          0.01291961498940719
		   11:Y(30)X(36)X(42)X(58)                         0.01290680979048363
		   12:Y(25)X(36)X(45)X(46)                         0.01287661782502028
		   13:Y(33)X(37)X(61)X(65)                         0.01286719156761721
		   14:Y(20)X(35)X(60)X(61)                         -0.0128481629058727
		   15:Y(9)X(22)X(46)X(47)                          0.01281116162308059
		   16:Y(20)X(37)X(45)X(68)                         -0.0127890813275415
		   17:Y(6)X(18)X(44)X(46)                          0.01278620244892392
		   18:Y(34)X(42)                                   -0.01276978056505173
		   19:Y(14)X(15)X(46)X(47)                         0.0127607109470011
		   20:Y(19)X(20)X(48)X(51)                         0.01276034578850345
iQCC Step: 38
	Initial Energy: -2124.07503770082576
	Entanglers:
		    1:Y(34)X(42)                                   -0.024333693845625
		    2:Y(39)X(41)                                   0.01474282459575375
		    3:Y(18)X(37)X(45)X(68)                         0.01311776314291793
		    4:Y(9)X(24)X(46)X(47)                          -0.01306469195827924
		    5:Y(20)X(21)X(46)X(51)                         0.01304742763438924
		    6:Y(36)X(37)X(45)X(48)                         -0.0128521943140287
		    7:Y(22)X(39)X(40)X(63)                         0.0128446262804504
		    8:Y(35)X(43)                                   0.01281890727555782
		    9:Y(31)X(39)X(63)X(67)                         -0.01274101789682776
		   10:Y(12)X(13)X(70)X(71)                         0.01273904041743617
		   11:Y(20)X(35)X(43)X(64)                         0.01273489910943802
		   12:Y(9)X(37)X(45)X(47)                          -0.01272672580382442
		   13:Y(10)X(11)X(71)X(76)                         0.01271970147602757
		   14:Y(10)X(11)X(70)X(77)                         -0.01271839648954812
		   15:Y(21)X(36)X(45)X(66)                         0.01270133810292404
		   16:Y(6)X(9)X(47)X(48)                           -0.01268546639178305
		   17:Y(21)X(31)X(43)X(61)                         -0.01267257031280286
		   18:Y(21)X(35)X(43)X(67)                         0.01265795460033604
		   19:Y(23)X(38)X(41)X(58)                         0.01265587010786422
		   20:Y(35)X(36)X(61)X(62)                         0.01262601572104104
iQCC Step: 39
	Initial Energy: -2124.07565039932797
	Entanglers:
		    1:Y(39)X(41)                                   0.03654269087568613
		    2:Y(35)X(43)                                   0.02162965718615557
		    3:Y(34)X(42)                                   -0.01414724498293587
		    4:Y(10)X(11)X(76)X(77)                         0.01385776515258688
		    5:Y(22)X(39)X(40)X(59)                         0.0126624263575498
		    6:Y(21)X(24)X(42)X(43)                         0.01260332858553504
		    7:Y(4)X(14)X(42)X(46)                          0.01258926344404519
		    8:Y(5)X(34)X(43)X(48)                          -0.012587009851468
		    9:Y(18)X(21)X(49)X(50)                         0.0125840976969767
		   10:Y(34)X(35)X(47)X(48)                         0.01258368098373762
		   11:Y(15)X(29)X(41)X(59)                         0.01257305361324744
		   12:Y(30)X(33)X(44)X(45)                         0.01256990613374831
		   13:Y(23)X(38)X(41)X(62)                         0.0125617669306229
		   14:Y(36)X(44)                                   -0.01255323878503567
		   15:Y(4)X(5)X(43)X(46)                           -0.01255220369876576
		   16:Y(21)X(34)X(45)X(68)                         0.01254276268855471
		   17:Y(27)X(36)X(62)X(63)                         -0.01252051556306726
		   18:Y(25)X(36)X(45)X(48)                         0.01252037461313966
		   19:Y(31)X(34)X(60)X(65)                         -0.01251507732001612
		   20:Y(32)X(37)X(58)X(69)                         0.0125089530175875
iQCC Step: 40
	Initial Energy: -2124.07618569573106
	Entanglers:
		    1:Y(34)X(42)                                   -0.02348495188964544
		    2:Y(36)X(44)                                   -0.02219999296415013
		    3:Y(39)X(41)                                   0.01419813538779351
		    4:Y(20)X(21)X(47)X(50)                         -0.01294906888030085
		    5:Y(31)X(34)X(42)X(43)                         0.01262469641041851
		    6:Y(31)X(34)X(59)X(60)                         0.01250572834628668
		    7:Y(4)X(5)X(42)X(47)                           0.01249250172202098
		    8:Y(9)X(26)X(46)X(51)                          0.01248907994363554
		    9:Y(20)X(37)X(44)X(67)                         0.01247438257347503
		   10:Y(7)X(24)X(48)X(49)                          -0.01247269083027159
		   11:Y(32)X(34)X(44)X(62)                         0.0124602485970231
		   12:Y(8)X(23)X(46)X(49)                          0.01245853905483991
		   13:Y(33)X(37)X(49)X(63)                         0.01244370815738873
		   14:Y(27)X(38)X(51)X(64)                         0.0124375384809832
		   15:Y(32)X(36)X(60)X(64)                         0.01240604031697176
		   16:Y(15)X(18)X(48)X(49)                         0.01239417292957828
		   17:Y(36)X(37)X(47)X(48)                         -0.01239088466894362
		   18:Y(14)X(19)X(48)X(49)                         -0.01238596267426203
		   19:Y(24)X(27)X(44)X(45)                         -0.01237966972894909
		   20:Y(29)X(30)X(40)X(67)                         -0.01237223924889322
iQCC Step: 41
	Initial Energy: -2124.07668335531662
	Entanglers:
		    1:Y(39)X(41)                                   0.0363071512756865
		    2:Y(36)X(44)                                   -0.01460970277014876
		    3:Y(34)X(42)                                   -0.01386875741574949
		    4:Y(35)X(43)                                   0.01267150642842709
		    5:Y(18)X(37)X(48)X(49)                         -0.01246596773176123
		    6:Y(8)X(27)X(44)X(45)                          -0.01245439750997787
		    7:Y(26)X(27)X(47)X(50)                         0.01231820409207649
		    8:Y(30)X(35)X(58)X(61)                         0.01231504902133024
		    9:Y(19)X(20)X(49)X(50)                         -0.01230948548717103
		   10:Y(33)X(34)X(60)X(69)                         -0.01230718944964934
		   11:Y(18)X(36)X(44)X(68)                         0.01230211109318779
		   12:Y(20)X(35)X(44)X(69)                         0.01230195014545397
		   13:Y(30)X(31)X(65)X(66)                         -0.0122920331877424
		   14:Y(8)X(27)X(47)X(50)                          0.01227762135986819
		   15:Y(5)X(34)X(43)X(46)                          0.01226892810406
		   16:Y(9)X(22)X(46)X(49)                          -0.01225963854320452
		   17:Y(21)X(38)X(41)X(66)                         -0.01225774183800901
		   18:Y(26)X(27)X(46)X(51)                         -0.01225475106947318
		   19:Y(19)X(24)X(45)X(48)                         0.01225348667434681
		   20:Y(31)X(39)X(61)X(67)                         0.01223091944647109
iQCC Step: 42
	Initial Energy: -2124.07720182639196
	Entanglers:
		    1:Y(35)X(43)                                   0.02104397556646826
		    2:Y(36)X(44)                                   -0.01859094790176942
		    3:Y(34)X(42)                                   -0.01825399512532363
		    4:Y(39)X(41)                                   0.01449064329300655
		    5:Y(31)X(38)X(40)X(41)                         0.01237392643736973
		    6:Y(30)X(35)X(42)X(43)                         -0.01227629306887596
		    7:Y(23)X(28)X(59)X(62)                         -0.01221330163576919
		    8:Y(9)X(36)X(44)X(45)                          0.012204211323558
		    9:Y(0)X(1)X(60)X(61)                           0.01219965096561422
		   10:Y(9)X(26)X(44)X(45)                          0.01219209456222558
		   11:Y(26)X(37)X(62)X(63)                         0.0121664429761262
		   12:Y(30)X(38)X(62)X(66)                         -0.01215815842996948
		   13:Y(30)X(34)X(58)X(64)                         0.01214449591659743
		   14:Y(18)X(28)X(40)X(62)                         0.0121372519981313
		   15:Y(15)X(34)X(60)X(61)                         -0.01212251743234445
		   16:Y(29)X(35)X(59)X(69)                         0.012113778946012
		   17:Y(33)X(34)X(45)X(62)                         -0.01208388754944659
		   18:Y(22)X(38)X(40)X(58)                         -0.01207856813898288
		   19:Y(29)X(37)X(63)X(69)                         -0.01207125011527123
		   20:Y(30)X(37)X(62)X(69)                         -0.0120679799667466
iQCC Step: 43
	Initial Energy: -2124.07762729985689
	Entanglers:
		    1:Y(39)X(41)                                   0.03848125170466249
		    2:Y(34)X(42)                                   -0.02036329357200404
		    3:Y(35)X(43)                                   0.01406910044318969
		    4:Y(36)X(44)                                   -0.01386524912838824
		    5:Y(38)X(40)                                   -0.01253064311882356
		    6:Y(23)X(28)X(59)X(60)                         0.01225021228985673
		    7:Y(14)X(28)X(40)X(58)                         0.01218833940353084
		    8:Y(6)X(25)X(48)X(49)                          0.0120555395263375
		    9:Y(8)X(18)X(44)X(46)                          0.01204279671497511
		   10:Y(15)X(25)X(45)X(47)                         0.01203694184253263
		   11:Y(21)X(22)X(47)X(48)                         -0.01202151471887894
		   12:Y(18)X(39)X(51)X(54)                         0.01201902401655713
		   13:Y(19)X(36)X(48)X(49)                         0.01201309886172916
		   14:Y(26)X(39)X(50)X(65)                         0.01201263439137825
		   15:Y(25)X(34)X(42)X(43)                         0.01201257264909157
		   16:Y(32)X(35)X(44)X(63)                         -0.01199568417321943
		   17:Y(7)X(37)X(45)X(47)                          -0.01197057455936319
		   18:Y(34)X(37)X(46)X(49)                         0.0119540563084146
		   19:Y(7)X(24)X(46)X(49)                          -0.01194301078291056
		   20:Y(18)X(39)X(46)X(51)                         -0.01193945673620094
iQCC Step: 44
	Initial Energy: -2124.07812332955382
	Entanglers:
		    1:Y(38)X(40)                                   -0.02395782516906413
		    2:Y(35)X(43)                                   0.01978748099612482
		    3:Y(36)X(44)                                   -0.01791365909128584
		    4:Y(34)X(42)                                   -0.0177613546397719
		    5:Y(23)X(28)X(58)X(59)                         0.01228459088328096
		    6:Y(15)X(26)X(41)X(50)                         0.01212943755072456
		    7:Y(6)X(25)X(47)X(48)                          -0.01209934286728486
		    8:Y(5)X(19)X(41)X(51)                          -0.01206014905263908
		    9:Y(19)X(34)X(47)X(48)                         -0.01202404033819482
		   10:Y(28)X(39)X(59)X(64)                         -0.01200250763673005
		   11:Y(18)X(35)X(46)X(49)                         -0.01194583628075971
		   12:Y(24)X(35)X(42)X(43)                         -0.01193285158447581
		   13:Y(33)X(36)X(58)X(63)                         -0.01192310440985032
		   14:Y(20)X(39)X(40)X(67)                         -0.01191849686980223
		   15:Y(19)X(38)X(47)X(50)                         -0.011894639259276
		   16:Y(9)X(15)X(41)X(51)                          0.01188161412943884
		   17:Y(19)X(38)X(50)X(55)                         0.01187569687867126
		   18:Y(28)X(39)X(50)X(51)                         -0.01186920508284651
		   19:Y(22)X(29)X(58)X(63)                         -0.01184562091962267
		   20:Y(32)X(37)X(59)X(62)                         -0.01183864120398186
iQCC Step: 45
	Initial Energy: -2124.07852712416252
	Entanglers:
		    1:Y(34)X(42)                                   -0.02075204179998161
		    2:Y(35)X(43)                                   0.01640223547516796
		    3:Y(36)X(44)                                   -0.01454712630233625
		    4:Y(20)X(35)X(42)X(43)                         0.01202029997842222
		    5:Y(16)X(39)X(50)X(51)                         0.0119490183153547
		    6:Y(14)X(19)X(47)X(50)                         0.01189464394687992
		    7:Y(18)X(21)X(48)X(51)                         -0.0118194520200009
		    8:Y(31)X(35)X(59)X(65)                         0.01181432436068161
		    9:Y(7)X(18)X(40)X(51)                          0.01179777526636382
		   10:Y(25)X(30)X(58)X(59)                         0.01178977948092938
		   11:Y(19)X(34)X(43)X(64)                         -0.01178203063612307
		   12:Y(15)X(16)X(42)X(43)                         -0.01177248655848199
		   13:Y(29)X(37)X(61)X(69)                         -0.01176295389039021
		   14:Y(32)X(33)X(48)X(69)                         -0.01176088597149496
		   15:Y(30)X(38)X(60)X(66)                         0.01174914069722113
		   16:Y(24)X(25)X(60)X(61)                         0.01174265430172173
		   17:Y(8)X(23)X(46)X(47)                          -0.01174016749844753
		   18:Y(16)X(38)X(40)X(64)                         -0.01173194546566831
		   19:Y(21)X(36)X(62)X(63)                         0.01172058508577221
		   20:Y(20)X(35)X(43)X(66)                         0.01171181461855959
iQCC Step: 46
	Initial Energy: -2124.07899878036369
	Entanglers:
		    1:Y(36)X(44)                                   -0.01823437802180955
		    2:Y(34)X(42)                                   -0.01798870843656188
		    3:Y(35)X(43)                                   0.01746564801067073
		    4:Y(25)X(30)X(59)X(60)                         -0.01223391645483903
		    5:Y(38)X(40)                                   -0.01205917220687827
		    6:Y(33)X(35)X(61)X(65)                         -0.01199045822891139
		    7:Y(15)X(18)X(46)X(51)                         0.0118529963289417
		    8:Y(17)X(38)X(50)X(51)                         -0.01176985021175565
		    9:Y(24)X(31)X(58)X(61)                         -0.01175780601566356
		   10:Y(28)X(35)X(42)X(43)                         0.01173842311990622
		   11:Y(18)X(39)X(50)X(55)                         -0.01173080314574592
		   12:Y(8)X(23)X(47)X(48)                          -0.01170747220908787
		   13:Y(28)X(34)X(58)X(68)                         0.01169086699015462
		   14:Y(7)X(20)X(44)X(47)                          0.01168868918275691
		   15:Y(22)X(29)X(58)X(61)                         0.01166634322232987
		   16:Y(30)X(33)X(42)X(43)                         -0.01164676961015262
		   17:Y(20)X(21)X(49)X(56)                         0.0116346112294749
		   18:Y(20)X(21)X(48)X(57)                         -0.01163197664049055
		   19:Y(30)X(39)X(40)X(41)                         -0.01163180335201159
		   20:Y(9)X(24)X(45)X(68)                          0.01162951003815746
iQCC Step: 47
	Initial Energy: -2124.07946521393660
	Entanglers:
		    1:Y(38)X(40)                                   -0.03531816007985916
		    2:Y(34)X(42)                                   -0.02127955160988302
		    3:Y(35)X(43)                                   0.01899403071569251
		    4:Y(36)X(44)                                   -0.01465380188474096
		    5:Y(25)X(32)X(60)X(61)                         -0.01209321122129859
		    6:Y(32)X(33)X(42)X(43)                         0.01178474009491912
		    7:Y(24)X(31)X(58)X(59)                         -0.01175850979992264
		    8:Y(22)X(29)X(58)X(59)                         -0.01172666600460227
		    9:Y(19)X(38)X(51)X(54)                         -0.01171419987994409
		   10:Y(24)X(33)X(60)X(61)                         0.01171216968044459
		   11:Y(5)X(24)X(44)X(45)                          0.01162195011805552
		   12:Y(25)X(37)X(49)X(69)                         0.01158484217954969
		   13:Y(33)X(37)X(63)X(67)                         0.01157011337819584
		   14:Y(25)X(34)X(60)X(61)                         0.01156619288385122
		   15:Y(17)X(39)X(41)X(67)                         0.01154139807972416
		   16:Y(15)X(31)X(59)X(67)                         -0.01153919032626207
		   17:Y(21)X(32)X(49)X(68)                         0.01153516698031823
		   18:Y(6)X(36)X(44)X(48)                          -0.01153314473606705
		   19:Y(34)X(37)X(58)X(63)                         -0.01152685778205524
		   20:Y(25)X(39)X(41)X(51)                         0.01152196019004853
iQCC Step: 48
	Initial Energy: -2124.07987078931819
	Entanglers:
		    1:Y(38)X(40)                                   -0.02040155981719806
		    2:Y(34)X(42)                                   -0.0191384604040384
		    3:Y(36)X(44)                                   -0.01826159618492357
		    4:Y(35)X(43)                                   0.01615507604220301
		    5:Y(31)X(34)X(61)X(66)                         -0.01153050659543735
		    6:Y(30)X(31)X(43)X(64)                         -0.01150769906658333
		    7:Y(4)X(25)X(44)X(45)                          -0.0115043680733152
		    8:Y(20)X(30)X(42)X(60)                         -0.01149172663140537
		    9:Y(31)X(36)X(45)X(62)                         -0.01147154117937084
		   10:Y(23)X(28)X(58)X(63)                         0.01146700389982624
		   11:Y(27)X(32)X(58)X(59)                         0.01146476460486115
		   12:Y(19)X(23)X(43)X(47)                         -0.01145405550728094
		   13:Y(7)X(39)X(41)X(47)                          0.01144926883013662
		   14:Y(8)X(25)X(44)X(69)                          0.01144341009999413
		   15:Y(20)X(34)X(42)X(66)                         0.01143240907919915
		   16:Y(26)X(27)X(51)X(54)                         0.01143133065083099
		   17:Y(15)X(29)X(41)X(63)                         0.01139326747551637
		   18:Y(19)X(20)X(64)X(69)                         0.01139265548731065
		   19:Y(32)X(34)X(60)X(64)                         -0.01138303108424567
		   20:Y(23)X(25)X(43)X(49)                         0.01138249949243714
iQCC Step: 49
	Initial Energy: -2124.08037444179035
	Entanglers:
		    1:Y(38)X(40)                                   -0.03289251294108616
		    2:Y(34)X(42)                                   -0.02076352203228386
		    3:Y(35)X(43)                                   0.01683044973100279
		    4:Y(36)X(44)                                   -0.01551847520213054
		    5:Y(18)X(19)X(68)X(69)                         0.01157355253643789
		    6:Y(31)X(37)X(59)X(67)                         -0.01137159391838028
		    7:Y(8)X(21)X(45)X(48)                          0.01136313071688776
		    8:Y(28)X(36)X(60)X(68)                         -0.01135653266907244
		    9:Y(28)X(36)X(62)X(68)                         -0.01135469571507673
		   10:Y(5)X(8)X(44)X(45)                           0.01133652522987191
		   11:Y(5)X(8)X(50)X(51)                           0.01132840652414008
		   12:Y(29)X(34)X(42)X(43)                         -0.01132273022547008
		   13:Y(22)X(29)X(59)X(62)                         0.0113209625595118
		   14:Y(29)X(35)X(43)X(61)                         0.01130523058815086
		   15:Y(5)X(6)X(40)X(41)                           -0.01130479641705719
		   16:Y(29)X(38)X(50)X(51)                         0.01130103409078653
		   17:Y(28)X(39)X(62)X(67)                         0.01129738988703539
		   18:Y(20)X(33)X(48)X(69)                         0.01128060409001527
		   19:Y(23)X(28)X(41)X(64)                         0.01127994510103783
		   20:Y(5)X(22)X(43)X(46)                          -0.01127336014563059
