iQCC Step: 0
	Initial Energy: -2123.89764040914315
	Entanglers:
		    1:Y(37)X(39)X(40)X(48)                         0.1602262813329116
		    2:Y(37)X(39)X(40)X(50)                         -0.15089406253861
		    3:Y(31)X(39)X(40)X(54)                         -0.1262368458309222
		    4:Y(30)X(31)X(54)X(55)                         0.1125455443964319
		    5:Y(37)X(39)X(40)X(46)                         -0.09388262117340671
		    6:Y(31)X(40)X(41)X(54)                         0.07731651277498919
		    7:Y(24)X(25)X(46)X(47)                         0.07560860045085309
		    8:Y(37)X(39)X(40)X(54)                         0.07446371290243159
		    9:Y(30)X(54)                                   -0.06599978372141464
		   10:Y(28)X(29)X(64)X(65)                         0.06453525594517535
		   11:Y(31)X(55)                                   -0.06342764646263568
		   12:Y(31)X(38)X(41)X(54)                         0.0626801292368057
		   13:Y(37)X(38)X(41)X(48)                         -0.06222099284486169
		   14:Y(26)X(27)X(62)X(63)                         0.06188289969288338
		   15:Y(37)X(40)X(41)X(76)                         -0.06165118518258939
		   16:Y(37)X(38)X(41)X(50)                         0.05806405197913504
		   17:Y(28)X(29)X(62)X(63)                         0.0562285104522242
		   18:Y(34)X(35)X(62)X(63)                         0.05611354358273934
		   19:Y(26)X(27)X(64)X(65)                         0.05609073461622269
		   20:Y(32)X(33)X(64)X(65)                         0.05538455262635026
iQCC Step: 1
	Initial Energy: -2123.91307627572314
	Entanglers:
		    1:Y(26)X(29)X(62)X(65)                         0.0653501441291803
		    2:Y(27)X(28)X(63)X(64)                         0.0653272497095278
		    3:Y(27)X(28)X(62)X(65)                         -0.06227882352844036
		    4:Y(26)X(29)X(63)X(64)                         -0.06220554188760021
		    5:Y(40)X(46)                                   -0.0598334013627716
		    6:Y(33)X(34)X(62)X(65)                         0.05371101488115632
		    7:Y(32)X(35)X(63)X(64)                         0.05363973886405911
		    8:Y(25)X(37)X(41)X(47)                         -0.04910764132199164
		    9:Y(40)X(48)                                   0.04846957868500269
		   10:Y(37)X(41)                                   0.04702436012056947
		   11:Y(36)X(37)X(50)X(51)                         0.04644173812636136
		   12:Y(3)X(39)X(40)X(76)                          0.04595914217374808
		   13:Y(32)X(35)X(62)X(65)                         -0.04556595649083527
		   14:Y(33)X(34)X(63)X(64)                         -0.04556097257606595
		   15:Y(37)X(39)X(40)X(42)                         0.04501446168233835
		   16:Y(18)X(19)X(44)X(45)                         0.04464030098924172
		   17:Y(25)X(38)X(39)X(46)                         0.04370581880997655
		   18:Y(32)X(33)X(66)X(67)                         0.04365697093221641
		   19:Y(37)X(40)X(41)X(48)                         -0.04359165300293321
		   20:Y(32)X(33)X(44)X(45)                         0.04339191933583652
iQCC Step: 2
	Initial Energy: -2123.91990469138500
	Entanglers:
		    1:Y(34)X(35)X(64)X(65)                         0.04548381790091718
		    2:Y(32)X(33)X(62)X(63)                         0.04521659025047735
		    3:Y(37)X(39)X(40)X(52)                         -0.04300345129764816
		    4:Y(28)X(29)X(68)X(69)                         0.0425958620599579
		    5:Y(18)X(19)X(52)X(53)                         0.0421791811604532
		    6:Y(37)X(38)X(41)X(46)                         0.04217527476295422
		    7:Y(27)X(33)X(65)X(67)                         -0.04192082176280613
		    8:Y(34)X(35)X(68)X(69)                         0.04184155737029201
		    9:Y(37)X(40)X(41)X(50)                         0.0414118873000999
		   10:Y(36)X(76)                                   0.041203588660498
		   11:Y(36)X(37)X(48)X(49)                         0.04093138912340245
		   12:Y(36)X(37)X(48)X(51)                         -0.04084781420029864
		   13:Y(37)X(77)                                   0.04079496876534262
		   14:Y(30)X(37)X(50)X(55)                         0.04072195994697713
		   15:Y(30)X(37)X(48)X(55)                         -0.04046525108532284
		   16:Y(31)X(37)X(41)X(55)                         -0.04008296714995349
		   17:Y(26)X(27)X(66)X(67)                         0.03999179272344369
		   18:Y(30)X(40)X(48)X(54)                         0.03998962308814054
		   19:Y(36)X(37)X(49)X(50)                         0.03996467158328248
		   20:Y(36)X(37)X(54)X(55)                         0.03978997765199914
iQCC Step: 3
	Initial Energy: -2123.92562222314427
	Entanglers:
		    1:Y(29)X(33)X(65)X(69)                         0.03995893968601717
		    2:Y(30)X(38)X(48)X(54)                         0.03952523618816718
		    3:Y(31)X(36)X(51)X(54)                         0.03913987374945017
		    4:Y(29)X(35)X(63)X(69)                         -0.03885591526058522
		    5:Y(31)X(38)X(39)X(54)                         0.03874508895260919
		    6:Y(26)X(29)X(66)X(69)                         -0.03844278569296323
		    7:Y(33)X(34)X(66)X(69)                         -0.03838601181672247
		    8:Y(32)X(35)X(67)X(68)                         -0.03829598111242178
		    9:Y(36)X(37)X(39)X(48)                         -0.03794664273376462
		   10:Y(27)X(28)X(67)X(68)                         -0.03776495715176802
		   11:Y(26)X(32)X(64)X(66)                         -0.03770244248291369
		   12:Y(25)X(39)X(40)X(50)                         -0.03765771250838403
		   13:Y(24)X(25)X(43)X(46)                         0.03744311657222932
		   14:Y(22)X(31)X(54)X(55)                         -0.03734438186120732
		   15:Y(31)X(36)X(49)X(54)                         -0.03729333053058052
		   16:Y(31)X(39)X(40)X(46)                         0.0371605895302739
		   17:Y(27)X(35)X(63)X(67)                         0.03681184648435343
		   18:Y(33)X(34)X(67)X(68)                         0.03679597571780841
		   19:Y(32)X(35)X(66)X(69)                         0.03677127700564269
		   20:Y(23)X(30)X(54)X(55)                         0.03676006999582585
iQCC Step: 4
	Initial Energy: -2123.93032985722084
	Entanglers:
		    1:Y(32)X(33)X(68)X(69)                         0.0382625938305702
		    2:Y(34)X(35)X(66)X(67)                         0.0382284038916949
		    3:Y(13)X(39)X(40)X(76)                         0.03711720482161791
		    4:Y(18)X(19)X(42)X(43)                         0.03648350607259688
		    5:Y(28)X(32)X(64)X(68)                         0.03617567225024734
		    6:Y(24)X(25)X(42)X(47)                         -0.03612805823571654
		    7:Y(25)X(37)X(39)X(47)                         0.03520680276676404
		    8:Y(30)X(40)X(50)X(54)                         -0.03464792078129854
		    9:Y(28)X(34)X(62)X(68)                         -0.0345325259949704
		   10:Y(31)X(37)X(49)X(55)                         0.03439396120759822
		   11:Y(24)X(46)                                   -0.03388656611242889
		   12:Y(24)X(37)X(39)X(46)                         -0.03370910447636084
		   13:Y(25)X(40)X(47)X(76)                         0.03365504649753671
		   14:Y(3)X(38)X(39)X(54)                          -0.03361534733060494
		   15:Y(25)X(47)                                   -0.03291215551643667
		   16:Y(37)X(38)X(39)X(76)                         -0.03279249317292527
		   17:Y(37)X(38)X(47)X(50)                         0.03273047156043378
		   18:Y(24)X(37)X(39)X(50)                         0.03269195841524535
		   19:Y(6)X(7)X(44)X(45)                           0.03262401720553185
		   20:Y(3)X(39)X(40)X(78)                          0.03257391518043893
iQCC Step: 5
	Initial Energy: -2123.93410814804611
	Entanglers:
		    1:Y(40)X(42)                                   0.03424196462771495
		    2:Y(14)X(19)X(42)X(45)                         -0.03401059784900036
		    3:Y(15)X(18)X(43)X(44)                         -0.03365634971927371
		    4:Y(26)X(34)X(62)X(66)                         0.0329137536665975
		    5:Y(15)X(18)X(42)X(45)                         0.03271978409540899
		    6:Y(14)X(19)X(43)X(44)                         0.03253428436272238
		    7:Y(27)X(33)X(63)X(69)                         0.03237766839690681
		    8:Y(4)X(5)X(52)X(53)                           0.03216260047981079
		    9:Y(29)X(35)X(65)X(67)                         0.0321300526735815
		   10:Y(38)X(39)X(40)X(41)                         0.03180004153136572
		   11:Y(37)X(40)X(41)X(78)                         -0.03161958424080801
		   12:Y(31)X(38)X(49)X(54)                         -0.03148633023159646
		   13:Y(24)X(25)X(47)X(50)                         0.0313829579634757
		   14:Y(36)X(37)X(46)X(47)                         0.03128274630250793
		   15:Y(2)X(54)                                    0.03120093267329999
		   16:Y(20)X(21)X(44)X(45)                         0.03091449532811985
		   17:Y(26)X(27)X(63)X(64)                         -0.03088459215682362
		   18:Y(3)X(37)X(39)X(41)                          -0.0307890485615363
		   19:Y(23)X(39)X(40)X(54)                         0.03077676960992051
		   20:Y(36)X(78)                                   0.03074317639489657
iQCC Step: 6
	Initial Energy: -2123.93727220855453
	Entanglers:
		    1:Y(14)X(15)X(44)X(45)                         0.03277553329597284
		    2:Y(27)X(35)X(65)X(69)                         -0.03210474691100078
		    3:Y(29)X(33)X(63)X(67)                         -0.03053724774506747
		    4:Y(24)X(25)X(46)X(51)                         -0.03045685118990338
		    5:Y(26)X(32)X(62)X(68)                         0.03025391834612158
		    6:Y(27)X(28)X(66)X(69)                         0.03014089362226384
		    7:Y(24)X(25)X(41)X(46)                         0.03011813608695345
		    8:Y(26)X(29)X(67)X(68)                         0.03008323801356906
		    9:Y(28)X(34)X(64)X(66)                         0.03007896372225265
		   10:Y(3)X(36)X(39)X(54)                          -0.02983798493782069
		   11:Y(14)X(15)X(42)X(43)                         0.02974598959493337
		   12:Y(26)X(27)X(68)X(69)                         0.02948316446966203
		   13:Y(30)X(38)X(50)X(54)                         -0.02919519048250969
		   14:Y(25)X(38)X(41)X(46)                         -0.02914171174724648
		   15:Y(2)X(3)X(54)X(55)                           0.02913931410591865
		   16:Y(31)X(38)X(47)X(54)                         0.02911155199664402
		   17:Y(28)X(29)X(66)X(67)                         0.02896003333858401
		   18:Y(28)X(29)X(63)X(64)                         0.02884922130737453
		   19:Y(31)X(36)X(54)X(55)                         -0.02884272048540585
		   20:Y(30)X(36)X(48)X(54)                         0.02876105657709389
iQCC Step: 7
	Initial Energy: -2123.94063115799327
	Entanglers:
		    1:Y(26)X(34)X(64)X(68)                         -0.02911243137331802
		    2:Y(36)X(37)X(39)X(50)                         0.02899177431583302
		    3:Y(31)X(40)X(41)X(46)                         -0.028222917832421
		    4:Y(25)X(39)X(40)X(46)                         0.02795334264897068
		    5:Y(31)X(37)X(51)X(55)                         -0.0277826077626514
		    6:Y(37)X(38)X(51)X(54)                         0.02777130731200565
		    7:Y(37)X(40)X(41)X(46)                         0.02765717197528022
		    8:Y(26)X(27)X(62)X(65)                         0.02763418484511905
		    9:Y(25)X(37)X(41)X(51)                         0.0276082435130478
		   10:Y(28)X(32)X(62)X(66)                         -0.02752991013031391
		   11:Y(30)X(37)X(54)X(55)                         0.02745768404501114
		   12:Y(13)X(39)X(40)X(78)                         0.02715542653593081
		   13:Y(37)X(79)                                   0.0269747651377458
		   14:Y(25)X(40)X(47)X(78)                         0.02675824487310275
		   15:Y(3)X(38)X(39)X(48)                          -0.02657813556798315
		   16:Y(34)X(35)X(62)X(65)                         -0.02618285648762003
		   17:Y(4)X(5)X(44)X(45)                           0.02615635096913092
		   18:Y(34)X(35)X(42)X(43)                         0.02605073903645964
		   19:Y(4)X(5)X(42)X(43)                           0.02597747438984776
		   20:Y(25)X(38)X(41)X(50)                         0.02588393990948014
iQCC Step: 8
	Initial Energy: -2123.94293117014331
	Entanglers:
		    1:Y(33)X(34)X(42)X(45)                         0.02644191362311782
		    2:Y(4)X(5)X(42)X(45)                           -0.02603368890758243
		    3:Y(4)X(5)X(43)X(44)                           0.02592344422501298
		    4:Y(13)X(24)X(46)X(47)                         -0.02570411225129537
		    5:Y(32)X(35)X(43)X(44)                         0.02569539101621985
		    6:Y(36)X(37)X(39)X(46)                         0.02568467323158664
		    7:Y(12)X(25)X(46)X(47)                         0.02516973802000946
		    8:Y(13)X(24)X(39)X(46)                         -0.02511332679227813
		    9:Y(23)X(39)X(40)X(48)                         -0.02492124289093743
		   10:Y(30)X(31)X(47)X(54)                         0.02483347535552528
		   11:Y(32)X(33)X(62)X(65)                         0.02470789946598894
		   12:Y(28)X(29)X(62)X(65)                         -0.0246939428110066
		   13:Y(7)X(22)X(44)X(45)                          0.02464108030398198
		   14:Y(48)X(50)                                   -0.02463273071974457
		   15:Y(31)X(39)X(40)X(42)                         -0.02460244656721015
		   16:Y(18)X(35)X(42)X(69)                         -0.02450952474189927
		   17:Y(3)X(30)X(39)X(54)                          -0.02424081769343408
		   18:Y(6)X(23)X(44)X(45)                          -0.02423383696300106
		   19:Y(3)X(38)X(39)X(50)                          0.02417754678661102
		   20:Y(29)X(33)X(45)X(65)                         0.02417666669716576
iQCC Step: 9
	Initial Energy: -2123.94497746726074
	Entanglers:
		    1:Y(29)X(35)X(45)X(63)                         -0.02459397182264091
		    2:Y(22)X(23)X(44)X(45)                         0.02437509618336092
		    3:Y(27)X(33)X(43)X(65)                         0.02435207669867236
		    4:Y(37)X(38)X(39)X(50)                         -0.0243095390350951
		    5:Y(20)X(21)X(52)X(53)                         0.02406609271060902
		    6:Y(25)X(37)X(39)X(51)                         -0.02400584388413744
		    7:Y(3)X(55)                                    0.023914113147467
		    8:Y(16)X(17)X(44)X(45)                         0.0237292870441437
		    9:Y(19)X(34)X(43)X(68)                         -0.02365129606554927
		   10:Y(30)X(38)X(46)X(54)                         -0.02360103684054199
		   11:Y(4)X(5)X(48)X(53)                           0.02351109038432647
		   12:Y(5)X(20)X(52)X(53)                          0.02344105549476708
		   13:Y(18)X(33)X(44)X(69)                         0.02343959312011294
		   14:Y(6)X(7)X(43)X(44)                           -0.02343489254164681
		   15:Y(6)X(7)X(42)X(45)                           0.02341657785441117
		   16:Y(4)X(21)X(52)X(53)                          -0.02340203989219
		   17:Y(4)X(5)X(49)X(52)                           -0.02331012003233279
		   18:Y(25)X(39)                                   -0.02325260403346035
		   19:Y(37)X(47)                                   -0.02321931244566597
		   20:Y(30)X(31)X(48)X(49)                         0.02316383690291459
iQCC Step: 10
	Initial Energy: -2123.94699017190806
	Entanglers:
		    1:Y(40)X(50)                                   -0.02737268383249783
		    2:Y(30)X(31)X(41)X(48)                         0.0243363053668598
		    3:Y(30)X(31)X(49)X(50)                         0.02361396015016267
		    4:Y(19)X(32)X(45)X(68)                         0.02343208884925962
		    5:Y(30)X(36)X(50)X(54)                         -0.02296553554129817
		    6:Y(34)X(35)X(63)X(64)                         0.02291744563025357
		    7:Y(27)X(35)X(43)X(63)                         -0.02290990521388677
		    8:Y(26)X(32)X(42)X(64)                         0.02283361439933831
		    9:Y(25)X(40)X(41)X(76)                         -0.02279955821918283
		   10:Y(3)X(22)X(39)X(54)                          0.02269503656505749
		   11:Y(24)X(25)X(50)X(51)                         0.02255809164033403
		   12:Y(25)X(37)X(41)X(43)                         0.02253605767627309
		   13:Y(37)X(41)                                   0.02250845883686175
		   14:Y(14)X(33)X(44)X(67)                         0.02248208667347995
		   15:Y(37)X(38)X(39)X(54)                         0.02240912431059759
		   16:Y(32)X(33)X(66)X(69)                         -0.02235584124145386
		   17:Y(28)X(32)X(44)X(64)                         0.02229565711011672
		   18:Y(36)X(54)                                   -0.02221877480730982
		   19:Y(25)X(38)X(41)X(54)                         -0.02220740328271182
		   20:Y(2)X(37)X(39)X(54)                          0.02220659420669831
iQCC Step: 11
	Initial Energy: -2123.94870337851398
	Entanglers:
		    1:Y(28)X(34)X(44)X(62)                         -0.02252044102638082
		    2:Y(15)X(32)X(45)X(66)                         0.02250079609171913
		    3:Y(25)X(36)X(41)X(46)                         0.02241311444282278
		    4:Y(37)X(39)X(40)X(76)                         -0.02223249897782599
		    5:Y(33)X(34)X(43)X(44)                         -0.02208927654216766
		    6:Y(34)X(35)X(66)X(69)                         0.02196311047596063
		    7:Y(26)X(33)X(65)X(66)                         0.02194633844214019
		    8:Y(36)X(37)X(46)X(49)                         -0.02192715606515413
		    9:Y(30)X(31)X(46)X(55)                         -0.02192209158821387
		   10:Y(5)X(20)X(42)X(45)                          -0.02188244072621624
		   11:Y(37)X(38)X(39)X(78)                         -0.02187560587495879
		   12:Y(29)X(35)X(43)X(65)                         -0.02187114875264387
		   13:Y(37)X(39)                                   -0.02186450712075179
		   14:Y(19)X(34)X(45)X(66)                         0.02178903477878892
		   15:Y(14)X(35)X(42)X(67)                         -0.02174948851121906
		   16:Y(4)X(21)X(43)X(44)                          -0.021716565132887
		   17:Y(17)X(18)X(43)X(44)                         0.02166411880806334
		   18:Y(5)X(19)X(45)X(53)                          0.02166041717692546
		   19:Y(16)X(19)X(42)X(45)                         0.02165792794592981
		   20:Y(3)X(39)X(40)X(46)                          -0.02164551279181989
iQCC Step: 12
	Initial Energy: -2123.95038897652375
	Entanglers:
		    1:Y(15)X(34)X(43)X(66)                         -0.02228095106299774
		    2:Y(15)X(16)X(44)X(45)                         0.02200144898965655
		    3:Y(14)X(17)X(44)X(45)                         -0.02193191914331966
		    4:Y(32)X(35)X(42)X(45)                         -0.02173063366157694
		    5:Y(39)X(41)                                   -0.02171558937044526
		    6:Y(29)X(35)X(65)X(69)                         0.02171292802839262
		    7:Y(19)X(32)X(43)X(66)                         -0.02164443684279368
		    8:Y(26)X(34)X(42)X(62)                         -0.0215673135412502
		    9:Y(4)X(5)X(45)X(46)                           0.02156718662486978
		   10:Y(32)X(33)X(63)X(64)                         -0.02152899715101972
		   11:Y(15)X(34)X(45)X(68)                         0.02145013074175685
		   12:Y(18)X(35)X(44)X(67)                         0.02142851076388407
		   13:Y(22)X(23)X(54)X(55)                         0.02127415317740059
		   14:Y(36)X(37)X(47)X(48)                         0.02123737139445729
		   15:Y(32)X(33)X(42)X(43)                         0.0211427275400514
		   16:Y(30)X(31)X(53)X(54)                         -0.02112056693707125
		   17:Y(27)X(33)X(63)X(67)                         -0.02108359218367883
		   18:Y(24)X(38)X(46)X(50)                         0.02106050037338441
		   19:Y(7)X(39)X(40)X(76)                          -0.02102847118285942
		   20:Y(37)X(38)X(41)X(42)                         -0.02101500688550028
iQCC Step: 13
	Initial Energy: -2123.95207289525069
	Entanglers:
		    1:Y(23)X(36)X(54)X(55)                         0.02182874332263561
		    2:Y(18)X(33)X(42)X(67)                         -0.02117060386457844
		    3:Y(16)X(19)X(43)X(44)                         -0.02099794362713485
		    4:Y(17)X(18)X(42)X(45)                         -0.02096713445774969
		    5:Y(24)X(25)X(42)X(43)                         0.02082599461794992
		    6:Y(4)X(5)X(44)X(47)                           -0.02082375015597679
		    7:Y(22)X(37)X(54)X(55)                         -0.02082207666275231
		    8:Y(6)X(7)X(50)X(51)                           0.02075444473536987
		    9:Y(37)X(38)X(46)X(51)                         -0.02071037632498497
		   10:Y(7)X(36)X(39)X(54)                          0.02064326743529779
		   11:Y(28)X(34)X(42)X(64)                         -0.0206134033416412
		   12:Y(23)X(40)X(41)X(54)                         -0.02059192731052979
		   13:Y(14)X(35)X(44)X(69)                         0.02055984076155521
		   14:Y(19)X(21)X(45)X(53)                         0.02045465472040503
		   15:Y(3)X(36)X(41)X(54)                          -0.02040351584227202
		   16:Y(15)X(32)X(43)X(68)                         -0.0203733703615922
		   17:Y(32)X(33)X(67)X(68)                         0.020349570064664
		   18:Y(2)X(50)                                    -0.02032846363546397
		   19:Y(26)X(31)X(54)X(55)                         0.02032202504282595
		   20:Y(3)X(30)X(39)X(48)                          0.02025835577408424
iQCC Step: 14
	Initial Energy: -2123.95375323950884
	Entanglers:
		    1:Y(14)X(33)X(42)X(69)                         -0.02065650610042423
		    2:Y(34)X(35)X(67)X(68)                         -0.02032025684514071
		    3:Y(25)X(38)X(39)X(42)                         -0.02029134235358391
		    4:Y(5)X(20)X(44)X(45)                          0.02018561811596677
		    5:Y(34)X(35)X(44)X(45)                         0.02009806197072091
		    6:Y(4)X(5)X(48)X(49)                           0.02006071119204871
		    7:Y(4)X(21)X(44)X(45)                          -0.02004050415391653
		    8:Y(28)X(33)X(44)X(65)                         -0.0200239547741657
		    9:Y(31)X(40)X(41)X(76)                         0.01999283180560247
		   10:Y(6)X(7)X(42)X(43)                           0.01992703088287629
		   11:Y(4)X(18)X(44)X(52)                          0.01989377789474284
		   12:Y(37)X(40)X(46)X(51)                         0.01986433100330654
		   13:Y(37)X(40)X(49)X(54)                         -0.0197965860226268
		   14:Y(30)X(31)X(52)X(55)                         0.01977756502957015
		   15:Y(3)X(38)X(41)X(76)                          -0.01976236503397479
		   16:Y(37)X(38)X(39)X(48)                         0.01969331922783921
		   17:Y(31)X(40)X(49)X(54)                         -0.01968998352715761
		   18:Y(27)X(33)X(45)X(63)                         0.01967846809495642
		   19:Y(37)X(38)X(47)X(48)                         -0.01967580663581207
		   20:Y(34)X(35)X(52)X(53)                         0.01964960900385967
iQCC Step: 15
	Initial Energy: -2123.95516806078285
	Entanglers:
		    1:Y(31)X(39)X(40)X(54)                         0.02212007494789052
		    2:Y(7)X(22)X(42)X(45)                          0.01994708116109258
		    3:Y(37)X(38)X(48)X(49)                         -0.01977516388569992
		    4:Y(31)X(38)X(51)X(54)                         0.0196223895729832
		    5:Y(4)X(5)X(43)X(46)                           -0.01960262483672416
		    6:Y(14)X(19)X(48)X(53)                         0.01956548715561091
		    7:Y(30)X(76)                                   -0.01953813431699625
		    8:Y(23)X(38)X(41)X(54)                         -0.01953628276742492
		    9:Y(6)X(23)X(43)X(44)                          0.01951784074689118
		   10:Y(5)X(19)X(43)X(53)                          -0.01947518014754976
		   11:Y(29)X(32)X(45)X(64)                         -0.01944624937090327
		   12:Y(5)X(20)X(49)X(52)                          -0.01944540469668649
		   13:Y(37)X(38)X(41)X(52)                         0.01943411611693672
		   14:Y(4)X(21)X(48)X(53)                          -0.01940185650309739
		   15:Y(4)X(5)X(42)X(47)                           0.01932936029767302
		   16:Y(13)X(37)X(41)X(47)                         -0.01931563565839888
		   17:Y(15)X(18)X(49)X(52)                         0.01925440932460906
		   18:Y(3)X(24)X(39)X(46)                          -0.0192428040333611
		   19:Y(26)X(32)X(62)X(66)                         -0.01922938390799585
		   20:Y(27)X(30)X(54)X(55)                         -0.01921722171762671
iQCC Step: 16
	Initial Energy: -2123.95665391764669
	Entanglers:
		    1:Y(4)X(5)X(46)X(47)                           0.01939542616573607
		    2:Y(5)X(20)X(43)X(44)                          0.01915088758012685
		    3:Y(30)X(39)X(40)X(55)                         0.01910411857717733
		    4:Y(4)X(21)X(42)X(45)                          0.01905321534923935
		    5:Y(28)X(35)X(44)X(63)                         0.01903370367578819
		    6:Y(7)X(30)X(39)X(54)                          0.01900953026455037
		    7:Y(24)X(25)X(39)X(76)                         0.01898730203214984
		    8:Y(14)X(15)X(52)X(53)                         0.01889188154153144
		    9:Y(28)X(34)X(64)X(68)                         0.01886739442868151
		   10:Y(18)X(20)X(44)X(52)                         0.0188568410415725
		   11:Y(30)X(40)X(46)X(54)                         -0.01879798195146037
		   12:Y(29)X(33)X(43)X(63)                         0.01872247696849909
		   13:Y(25)X(39)X(40)X(54)                         0.01870533992700888
		   14:Y(30)X(31)X(41)X(50)                         -0.01866631787378966
		   15:Y(30)X(31)X(48)X(51)                         -0.01866406594396179
		   16:Y(18)X(19)X(68)X(69)                         0.01855727273688357
		   17:Y(26)X(32)X(44)X(62)                         0.01855675176317851
		   18:Y(24)X(42)                                   0.01850757891381522
		   19:Y(18)X(19)X(48)X(49)                         0.01848338636130899
		   20:Y(31)X(40)X(41)X(42)                         0.01843843762982156
iQCC Step: 17
	Initial Energy: -2123.95787049946512
	Entanglers:
		    1:Y(30)X(31)X(50)X(51)                         0.01954252785037758
		    2:Y(15)X(18)X(48)X(53)                         -0.01876990034557314
		    3:Y(20)X(21)X(42)X(43)                         0.01874035460055012
		    4:Y(24)X(25)X(76)X(77)                         0.01857028477491473
		    5:Y(36)X(37)X(41)X(50)                         0.01851889911935507
		    6:Y(4)X(18)X(42)X(52)                          -0.01839379373142938
		    7:Y(29)X(34)X(45)X(62)                         0.01838144907218827
		    8:Y(14)X(19)X(49)X(52)                         -0.01835923274548619
		    9:Y(8)X(9)X(70)X(71)                           0.01830515736410265
		   10:Y(22)X(23)X(50)X(51)                         0.018303427440344
		   11:Y(3)X(30)X(39)X(50)                          -0.01826883229377506
		   12:Y(21)X(26)X(63)X(64)                         0.01825754812247268
		   13:Y(28)X(32)X(42)X(62)                         0.01824749776067688
		   14:Y(37)X(38)X(49)X(50)                         -0.01817171406261476
		   15:Y(27)X(32)X(64)X(67)                         0.01809040801237336
		   16:Y(4)X(21)X(45)X(46)                          -0.01807456428237925
		   17:Y(2)X(3)X(50)X(51)                           0.01793244169990307
		   18:Y(4)X(21)X(42)X(43)                          -0.01784601113759814
		   19:Y(26)X(27)X(42)X(67)                         0.01784161299022283
		   20:Y(30)X(31)X(54)X(77)                         0.01781251831266566
iQCC Step: 18
	Initial Energy: -2123.95926883464654
	Entanglers:
		    1:Y(20)X(27)X(62)X(65)                         0.01775517640988294
		    2:Y(15)X(32)X(62)X(65)                         -0.01765208583729433
		    3:Y(36)X(38)X(50)X(54)                         -0.01759024525572788
		    4:Y(25)X(40)X(47)X(48)                         -0.01757077072123799
		    5:Y(30)X(31)X(54)X(59)                         -0.01753657546217373
		    6:Y(5)X(20)X(44)X(47)                          -0.01747693778661316
		    7:Y(15)X(34)X(64)X(65)                         0.01741584303633536
		    8:Y(13)X(24)X(39)X(50)                         0.0173490197885822
		    9:Y(14)X(33)X(63)X(64)                         -0.01734821366718852
		   10:Y(18)X(19)X(43)X(46)                         -0.01734410164832657
		   11:Y(28)X(29)X(44)X(69)                         -0.0173015242611798
		   12:Y(15)X(34)X(62)X(63)                         0.01729781609252142
		   13:Y(17)X(39)X(40)X(76)                         -0.017291158904972
		   14:Y(26)X(33)X(42)X(65)                         -0.01725027651794931
		   15:Y(14)X(33)X(62)X(65)                         0.01724925657628839
		   16:Y(14)X(35)X(64)X(65)                         -0.01724031319000725
		   17:Y(28)X(29)X(42)X(43)                         0.01720776011492959
		   18:Y(28)X(33)X(65)X(68)                         -0.01720205222309078
		   19:Y(18)X(33)X(52)X(53)                         0.01718217932822989
		   20:Y(18)X(19)X(42)X(47)                         0.01717437331516765
iQCC Step: 19
	Initial Energy: -2123.96045019005942
	Entanglers:
		    1:Y(26)X(29)X(42)X(69)                         -0.01762258222126053
		    2:Y(15)X(32)X(63)X(64)                         0.01730448390864927
		    3:Y(19)X(32)X(52)X(53)                         -0.01714967279544148
		    4:Y(26)X(35)X(63)X(66)                         -0.01712712161843172
		    5:Y(38)X(39)X(40)X(41)                         -0.01708967558373908
		    6:Y(22)X(23)X(43)X(44)                         -0.01705959471522565
		    7:Y(5)X(20)X(42)X(43)                          0.01705699382678728
		    8:Y(24)X(25)X(47)X(54)                         -0.01704159818826485
		    9:Y(37)X(38)X(47)X(54)                         -0.01700756822880448
		   10:Y(28)X(35)X(63)X(68)                         0.01696240887330282
		   11:Y(24)X(25)X(46)X(55)                         0.01695794211935858
		   12:Y(7)X(22)X(43)X(44)                          -0.01693735364953121
		   13:Y(22)X(54)                                   0.01689216509599288
		   14:Y(5)X(20)X(48)X(53)                          0.0168885521622434
		   15:Y(16)X(17)X(42)X(43)                         0.01681167095796925
		   16:Y(33)X(39)X(40)X(54)                         0.01678277256680559
		   17:Y(17)X(32)X(45)X(66)                         -0.01677400359018992
		   18:Y(4)X(21)X(49)X(52)                          0.01676083669529561
		   19:Y(21)X(26)X(62)X(63)                         -0.01674469895686446
		   20:Y(25)X(40)X(41)X(46)                         0.01670620726344873
iQCC Step: 20
	Initial Energy: -2123.96149888097989
	Entanglers:
		    1:Y(37)X(55)                                   -0.01741382489797225
		    2:Y(32)X(33)X(52)X(53)                         0.01708776173295049
		    3:Y(30)X(37)X(39)X(54)                         0.01672745502392607
		    4:Y(20)X(21)X(48)X(53)                         0.01671837243294862
		    5:Y(2)X(7)X(44)X(45)                           0.01670992825169162
		    6:Y(3)X(6)X(54)X(55)                           0.01668871218009593
		    7:Y(23)X(40)X(41)X(48)                         0.01665345884583814
		    8:Y(22)X(50)                                   0.01663790287103873
		    9:Y(29)X(32)X(65)X(68)                         -0.01656167616525825
		   10:Y(6)X(23)X(42)X(45)                          -0.01654403399005423
		   11:Y(31)X(47)                                   0.01652489228031468
		   12:Y(13)X(38)X(39)X(46)                         0.01651776243595165
		   13:Y(20)X(21)X(49)X(52)                         -0.01651250028998494
		   14:Y(30)X(31)X(55)X(58)                         0.01650264958838304
		   15:Y(27)X(39)X(40)X(54)                         -0.01647599169615863
		   16:Y(22)X(48)                                   -0.01644826878049176
		   17:Y(31)X(77)                                   -0.01643325768172013
		   18:Y(25)X(38)X(47)X(76)                         -0.01642426091271876
		   19:Y(27)X(33)X(65)X(69)                         0.01642307350647252
		   20:Y(37)X(39)X(40)X(78)                         -0.01639907118783855
iQCC Step: 21
	Initial Energy: -2123.96239307198857
	Entanglers:
		    1:Y(22)X(23)X(42)X(45)                         0.01702884602025925
		    2:Y(3)X(51)                                    -0.01676112356360153
		    3:Y(29)X(34)X(65)X(66)                         -0.01644551963018161
		    4:Y(12)X(13)X(46)X(47)                         0.01635073832538582
		    5:Y(7)X(38)X(39)X(54)                          0.01633440127056977
		    6:Y(29)X(34)X(63)X(68)                         0.01633262388115227
		    7:Y(25)X(38)X(41)X(42)                         0.01632183504829263
		    8:Y(16)X(33)X(44)X(67)                         -0.01630990030067678
		    9:Y(15)X(18)X(45)X(46)                         -0.01628009773522376
		   10:Y(27)X(35)X(45)X(65)                         -0.01627367935700078
		   11:Y(14)X(19)X(45)X(46)                         0.01626488628144331
		   12:Y(25)X(28)X(62)X(65)                         0.01621910266831863
		   13:Y(27)X(32)X(65)X(66)                         0.01621702538210208
		   14:Y(24)X(37)X(39)X(42)                         0.01619692021766426
		   15:Y(27)X(28)X(43)X(68)                         -0.01619648559428599
		   16:Y(7)X(38)X(39)X(50)                          -0.01619500036699954
		   17:Y(3)X(40)X(54)X(55)                          0.01615720226771477
		   18:Y(3)X(6)X(44)X(45)                           -0.016138599645161
		   19:Y(37)X(40)X(51)X(54)                         0.01610972173339548
		   20:Y(37)X(38)X(46)X(55)                         0.01610807777609467
iQCC Step: 22
	Initial Energy: -2123.96335378959293
	Entanglers:
		    1:Y(31)X(40)X(51)X(54)                         0.01644276631179816
		    2:Y(27)X(28)X(43)X(44)                         0.01640223782896369
		    3:Y(18)X(19)X(66)X(67)                         0.01610067757666844
		    4:Y(6)X(7)X(52)X(53)                           0.01603644991767442
		    5:Y(2)X(7)X(54)X(55)                           -0.01600869528879791
		    6:Y(20)X(27)X(62)X(63)                         0.01600385116691039
		    7:Y(27)X(32)X(43)X(64)                         -0.01598149741524928
		    8:Y(28)X(33)X(64)X(69)                         -0.0159453388076578
		    9:Y(29)X(32)X(64)X(65)                         0.01593181730821346
		   10:Y(14)X(35)X(62)X(63)                         -0.01587932902014081
		   11:Y(3)X(30)X(41)X(54)                          -0.01587600068283896
		   12:Y(26)X(29)X(42)X(45)                         0.01587416271846227
		   13:Y(25)X(40)X(43)X(76)                         -0.01587238896927353
		   14:Y(26)X(27)X(67)X(68)                         0.01582870153009992
		   15:Y(24)X(29)X(63)X(64)                         0.01582096331356195
		   16:Y(15)X(18)X(44)X(47)                         0.01581401847336985
		   17:Y(19)X(28)X(45)X(68)                         0.01579578979244123
		   18:Y(26)X(27)X(43)X(66)                         -0.0157922118289369
		   19:Y(25)X(28)X(64)X(65)                         -0.01578354587450348
		   20:Y(25)X(40)X(41)X(78)                         -0.01574736662514311
iQCC Step: 23
	Initial Energy: -2123.96437694165024
	Entanglers:
		    1:Y(26)X(27)X(42)X(43)                         0.01757752180748743
		    2:Y(26)X(27)X(44)X(45)                         0.01682902798850505
		    3:Y(26)X(33)X(64)X(67)                         0.0163925438505978
		    4:Y(28)X(29)X(67)X(68)                         -0.01638821392784301
		    5:Y(28)X(29)X(44)X(45)                         0.01636100678216016
		    6:Y(30)X(31)X(51)X(54)                         -0.01615231844294595
		    7:Y(28)X(33)X(64)X(65)                         -0.01603728541584512
		    8:Y(14)X(19)X(67)X(68)                         -0.01602658827831431
		    9:Y(28)X(35)X(62)X(69)                         0.01593055095289669
		   10:Y(25)X(43)                                   0.01592050013152235
		   11:Y(18)X(29)X(42)X(67)                         -0.01589384654006394
		   12:Y(18)X(19)X(46)X(47)                         0.01581011162980387
		   13:Y(3)X(22)X(41)X(54)                          0.01580357163499268
		   14:Y(16)X(33)X(44)X(69)                         0.01569062550495542
		   15:Y(4)X(18)X(42)X(48)                          -0.01565744987735729
		   16:Y(36)X(40)X(50)X(54)                         -0.01564389194516753
		   17:Y(31)X(37)X(47)X(55)                         -0.01561442241174518
		   18:Y(15)X(18)X(67)X(68)                         0.01561152494313116
		   19:Y(36)X(37)X(42)X(47)                         -0.01557528860189578
		   20:Y(4)X(21)X(43)X(46)                          0.01557180208487398
iQCC Step: 24
	Initial Energy: -2123.96533860084401
	Entanglers:
		    1:Y(20)X(21)X(43)X(44)                         0.01568176407894933
		    2:Y(16)X(17)X(43)X(44)                         -0.01557965153775499
		    3:Y(28)X(29)X(45)X(68)                         0.01555404280558566
		    4:Y(24)X(25)X(41)X(42)                         -0.0155039167387261
		    5:Y(5)X(20)X(42)X(47)                          0.01545070196969535
		    6:Y(17)X(32)X(45)X(68)                         0.01540787446557127
		    7:Y(21)X(26)X(62)X(65)                         -0.01540317799388092
		    8:Y(13)X(38)X(41)X(76)                         -0.01536631479416654
		    9:Y(5)X(20)X(45)X(46)                          0.01536325062107328
		   10:Y(20)X(27)X(63)X(64)                         -0.0153618346562521
		   11:Y(27)X(28)X(44)X(67)                         -0.01534525567842428
		   12:Y(20)X(21)X(42)X(45)                         -0.01534508566136131
		   13:Y(18)X(20)X(42)X(52)                         -0.01534131672169647
		   14:Y(36)X(37)X(43)X(46)                         0.0153289551428074
		   15:Y(14)X(19)X(44)X(47)                         -0.01528575245264086
		   16:Y(37)X(40)X(47)X(50)                         -0.01528011569817012
		   17:Y(38)X(40)X(48)X(50)                         0.01526296456819812
		   18:Y(27)X(34)X(65)X(68)                         0.01523409319528472
		   19:Y(5)X(19)X(43)X(49)                          -0.0152333214423936
		   20:Y(28)X(29)X(42)X(67)                         0.01522256716080749
iQCC Step: 25
	Initial Energy: -2123.96624655612231
	Entanglers:
		    1:Y(21)X(28)X(62)X(63)                         -0.01613383097018323
		    2:Y(17)X(18)X(44)X(45)                         -0.01556631825959004
		    3:Y(26)X(27)X(64)X(65)                         0.01552964272662672
		    4:Y(27)X(28)X(42)X(45)                         -0.01532544899169946
		    5:Y(32)X(33)X(42)X(45)                         0.01530609989987211
		    6:Y(19)X(21)X(43)X(53)                         -0.01527199562832277
		    7:Y(20)X(29)X(62)X(63)                         0.01518259273425743
		    8:Y(19)X(26)X(45)X(66)                         -0.01517900480305459
		    9:Y(6)X(50)                                    0.01517013844092252
		   10:Y(15)X(18)X(51)X(52)                         0.01516136920892209
		   11:Y(14)X(15)X(66)X(67)                         0.01512733981943747
		   12:Y(7)X(39)X(40)X(78)                          -0.01510219910191481
		   13:Y(26)X(29)X(45)X(66)                         -0.01508694887436222
		   14:Y(15)X(29)X(63)X(69)                         -0.01508036364277279
		   15:Y(30)X(31)X(50)X(55)                         0.01506897643758724
		   16:Y(4)X(18)X(44)X(48)                          0.0150599148098864
		   17:Y(30)X(31)X(43)X(54)                         -0.01504545069522537
		   18:Y(37)X(38)X(54)X(55)                         -0.01503341576457662
		   19:Y(2)X(48)                                    0.01502515398575052
		   20:Y(31)X(36)X(53)X(54)                         0.01501857044188285
iQCC Step: 26
	Initial Energy: -2123.96711350559008
	Entanglers:
		    1:Y(15)X(27)X(63)X(67)                         0.01549354834516606
		    2:Y(37)X(40)X(54)X(55)                         -0.01545461580718859
		    3:Y(15)X(18)X(66)X(69)                         -0.01541240296622512
		    4:Y(14)X(19)X(66)X(69)                         0.01529214028124871
		    5:Y(19)X(28)X(43)X(66)                         -0.01526339668469413
		    6:Y(20)X(21)X(62)X(63)                         0.01524789158195853
		    7:Y(37)X(38)X(43)X(50)                         -0.0150141336761196
		    8:Y(24)X(25)X(47)X(48)                         0.01497782746137593
		    9:Y(36)X(46)                                   -0.01496520475321505
		   10:Y(26)X(34)X(44)X(64)                         -0.01491841716170302
		   11:Y(30)X(31)X(41)X(46)                         -0.01490801913407594
		   12:Y(4)X(21)X(44)X(47)                          0.01490319890931743
		   13:Y(5)X(19)X(45)X(49)                          0.01487209350901612
		   14:Y(20)X(21)X(45)X(46)                         0.01486999534298342
		   15:Y(4)X(5)X(47)X(52)                           -0.01485603568270078
		   16:Y(36)X(40)X(48)X(54)                         0.01485174007389098
		   17:Y(16)X(19)X(44)X(45)                         0.01485115095643347
		   18:Y(26)X(29)X(43)X(44)                         -0.01484202362472258
		   19:Y(27)X(28)X(42)X(69)                         0.01484084026711075
		   20:Y(36)X(37)X(39)X(76)                         -0.0148206181593675
iQCC Step: 27
	Initial Energy: -2123.96799201268732
	Entanglers:
		    1:Y(31)X(55)                                   0.01509207086308017
		    2:Y(16)X(17)X(42)X(45)                         0.01504064402616414
		    3:Y(26)X(27)X(44)X(69)                         -0.01489116218519855
		    4:Y(3)X(30)X(41)X(48)                          0.01486237109788216
		    5:Y(3)X(30)X(41)X(50)                          -0.01485746449721788
		    6:Y(24)X(25)X(43)X(50)                         -0.01480979640935066
		    7:Y(4)X(5)X(46)X(53)                           0.0147915661603652
		    8:Y(31)X(40)X(48)X(55)                         -0.01477266735073065
		    9:Y(18)X(29)X(44)X(69)                         0.01475495123213317
		   10:Y(29)X(32)X(64)X(69)                         -0.01473550170047688
		   11:Y(22)X(37)X(48)X(55)                         0.01473234923516643
		   12:Y(14)X(28)X(62)X(68)                         -0.01473221264946888
		   13:Y(3)X(24)X(39)X(50)                          0.01472001709211091
		   14:Y(18)X(27)X(44)X(67)                         -0.01471772760284851
		   15:Y(26)X(35)X(64)X(69)                         0.01471247647215334
		   16:Y(12)X(46)                                   -0.01465665575288257
		   17:Y(30)X(31)X(55)X(76)                         -0.01464129261417982
		   18:Y(25)X(28)X(63)X(64)                         -0.01463629115265956
		   19:Y(27)X(34)X(62)X(67)                         -0.01462345293507561
		   20:Y(24)X(29)X(64)X(65)                         0.01461754765242829
iQCC Step: 28
	Initial Energy: -2123.96888079106066
	Entanglers:
		    1:Y(29)X(34)X(62)X(69)                         0.01510882974351464
		    2:Y(14)X(26)X(62)X(66)                         0.0150050480178847
		    3:Y(26)X(32)X(64)X(68)                         0.01462781190089776
		    4:Y(14)X(19)X(50)X(53)                         0.0145892027668854
		    5:Y(25)X(31)X(41)X(47)                         0.01456193774600616
		    6:Y(17)X(24)X(46)X(47)                         0.01455865503640094
		    7:Y(13)X(38)X(39)X(48)                         -0.01451783335393076
		    8:Y(13)X(37)X(39)X(41)                         -0.0144981624106272
		    9:Y(30)X(31)X(46)X(47)                         0.0144790244224855
		   10:Y(19)X(20)X(45)X(52)                         -0.01447026227919714
		   11:Y(12)X(25)X(46)X(77)                         0.0144422329099117
		   12:Y(4)X(21)X(48)X(49)                          -0.01443025338620061
		   13:Y(28)X(35)X(63)X(64)                         -0.01441434080637012
		   14:Y(18)X(19)X(48)X(53)                         0.01441030932466141
		   15:Y(36)X(37)X(39)X(42)                         -0.01440651070799592
		   16:Y(26)X(35)X(42)X(63)                         0.01440357563967774
		   17:Y(28)X(29)X(62)X(63)                         0.0143997223766189
		   18:Y(7)X(30)X(39)X(50)                          0.01439708438421182
		   19:Y(3)X(37)X(41)X(51)                          -0.01438043183150366
		   20:Y(16)X(29)X(63)X(64)                         0.01437724947223038
iQCC Step: 29
	Initial Energy: -2123.96969861937760
	Entanglers:
		    1:Y(38)X(39)X(40)X(41)                         -0.01486584644472992
		    2:Y(28)X(35)X(42)X(65)                         0.01474621529857045
		    3:Y(24)X(29)X(62)X(65)                         -0.01450519884807258
		    4:Y(17)X(28)X(62)X(65)                         0.01448422248988748
		    5:Y(24)X(25)X(47)X(76)                         -0.0144608623281144
		    6:Y(12)X(48)                                   0.01439659494214262
		    7:Y(4)X(19)X(45)X(52)                          -0.01429520311054022
		    8:Y(25)X(40)X(46)X(77)                         -0.01427122982893911
		    9:Y(14)X(15)X(68)X(69)                         0.01426453224276577
		   10:Y(2)X(3)X(48)X(49)                           0.01424892840320207
		   11:Y(31)X(40)X(50)X(55)                         0.01422820497048568
		   12:Y(42)X(46)                                   -0.01422561965312665
		   13:Y(24)X(25)X(42)X(51)                         0.01421937085250535
		   14:Y(33)X(39)X(40)X(48)                         0.01421753823473
		   15:Y(6)X(7)X(48)X(49)                           0.01419188036695229
		   16:Y(26)X(33)X(44)X(63)                         -0.01418873605116373
		   17:Y(18)X(35)X(48)X(53)                         0.01418362684250722
		   18:Y(15)X(16)X(42)X(43)                         0.01418188693653775
		   19:Y(20)X(21)X(44)X(47)                         -0.01417099139237986
		   20:Y(25)X(28)X(62)X(63)                         -0.01416035974120506
iQCC Step: 30
	Initial Energy: -2123.97045229627201
	Entanglers:
		    1:Y(2)X(7)X(49)X(50)                           -0.01453129184920752
		    2:Y(3)X(6)X(49)X(50)                           0.01452373247561912
		    3:Y(25)X(39)X(40)X(42)                         -0.01436742318723875
		    4:Y(3)X(6)X(48)X(51)                           -0.01428532860370573
		    5:Y(16)X(25)X(46)X(47)                         -0.01427818448366222
		    6:Y(37)X(39)X(40)X(48)                         -0.01423661697538754
		    7:Y(29)X(34)X(62)X(65)                         -0.01418824568228321
		    8:Y(24)X(38)X(46)X(48)                         -0.01409797490633316
		    9:Y(26)X(33)X(62)X(65)                         -0.01405471828154328
		   10:Y(28)X(35)X(65)X(66)                         -0.01405292763431315
		   11:Y(32)X(33)X(43)X(44)                         -0.01402935288698414
		   12:Y(25)X(37)X(39)X(41)                         -0.01401926713211342
		   13:Y(20)X(21)X(48)X(49)                         0.01400528612128178
		   14:Y(25)X(36)X(47)X(76)                         -0.01400221345012974
		   15:Y(13)X(24)X(43)X(46)                         -0.01399852171172014
		   16:Y(31)X(38)X(39)X(76)                         0.01399836732602577
		   17:Y(22)X(23)X(42)X(43)                         0.01399286237706413
		   18:Y(5)X(19)X(47)X(53)                          -0.01395459299839941
		   19:Y(39)X(41)                                   0.01394949746486255
		   20:Y(7)X(22)X(50)X(53)                          -0.01393688411216177
iQCC Step: 31
	Initial Energy: -2123.97117265199404
	Entanglers:
		    1:Y(37)X(40)X(41)X(54)                         0.01437512667364555
		    2:Y(7)X(22)X(42)X(43)                          0.01434245593663401
		    3:Y(31)X(39)X(40)X(48)                         -0.01426359852074832
		    4:Y(6)X(7)X(48)X(53)                           -0.01421565496493181
		    5:Y(26)X(35)X(62)X(63)                         0.01411667057219182
		    6:Y(6)X(23)X(42)X(43)                          -0.0141077688084242
		    7:Y(6)X(7)X(49)X(52)                           0.0139928468395692
		    8:Y(13)X(38)X(39)X(76)                         0.01395654061068852
		    9:Y(26)X(29)X(44)X(67)                         0.01394462142533919
		   10:Y(14)X(19)X(51)X(52)                         -0.01392384739119438
		   11:Y(6)X(23)X(51)X(52)                          -0.01391905648684632
		   12:Y(27)X(32)X(63)X(68)                         -0.01388871372187778
		   13:Y(31)X(37)X(39)X(41)                         -0.01388508781577993
		   14:Y(26)X(27)X(66)X(69)                         -0.01385856176462877
		   15:Y(30)X(31)X(47)X(48)                         0.01385437448090351
		   16:Y(5)X(20)X(48)X(49)                          0.01384373327212622
		   17:Y(18)X(19)X(49)X(52)                         -0.01381141748690641
		   18:Y(14)X(17)X(42)X(43)                         -0.01380319527655639
		   19:Y(13)X(24)X(42)X(47)                         0.01379730820168808
		   20:Y(18)X(19)X(53)X(60)                         0.01379639679721149
iQCC Step: 32
	Initial Energy: -2123.97192687596271
	Entanglers:
		    1:Y(37)X(39)X(40)X(50)                         0.01480804777476287
		    2:Y(28)X(29)X(66)X(69)                         0.01431582653099612
		    3:Y(18)X(19)X(52)X(61)                         -0.01399021352421464
		    4:Y(37)X(40)X(41)X(42)                         -0.01397557636235559
		    5:Y(3)X(37)X(41)X(55)                          0.01382341038088648
		    6:Y(27)X(32)X(45)X(62)                         -0.01379209739956492
		    7:Y(30)X(37)X(52)X(55)                         0.01372811096871312
		    8:Y(19)X(26)X(43)X(68)                         0.01372402315391371
		    9:Y(25)X(38)X(39)X(54)                         0.0137236086453601
		   10:Y(18)X(20)X(42)X(48)                         -0.01372039493196552
		   11:Y(29)X(34)X(43)X(64)                         0.01369603572111605
		   12:Y(24)X(25)X(46)X(59)                         0.01369459827915916
		   13:Y(38)X(40)X(46)X(50)                         -0.01369398410835618
		   14:Y(15)X(18)X(50)X(53)                         -0.01366962109878338
		   15:Y(29)X(35)X(63)X(67)                         -0.01365669387839975
		   16:Y(36)X(48)                                   0.01365260245422401
		   17:Y(31)X(38)X(41)X(54)                         -0.01364593368304907
		   18:Y(24)X(25)X(39)X(78)                         0.01363041243945547
		   19:Y(30)X(31)X(54)X(79)                         0.01362964627909205
		   20:Y(7)X(30)X(41)X(54)                          0.01360899816253823
iQCC Step: 33
	Initial Energy: -2123.97258735024798
	Entanglers:
		    1:Y(31)X(39)X(40)X(54)                         0.01627800417398518
		    2:Y(27)X(34)X(43)X(62)                         0.0151899211381388
		    3:Y(37)X(38)X(41)X(50)                         -0.01408857610325333
		    4:Y(28)X(29)X(43)X(66)                         -0.01375798223980206
		    5:Y(22)X(38)X(48)X(54)                         -0.01374573783063469
		    6:Y(24)X(25)X(47)X(58)                         -0.01370412037541962
		    7:Y(19)X(34)X(49)X(52)                         0.01361039020167062
		    8:Y(21)X(35)X(43)X(53)                         0.01357454364828654
		    9:Y(24)X(37)X(39)X(54)                         -0.01354724812106224
		   10:Y(6)X(7)X(54)X(55)                           0.01354369548617951
		   11:Y(30)X(31)X(42)X(55)                         0.01354349082412925
		   12:Y(21)X(26)X(64)X(65)                         -0.01353176733657252
		   13:Y(5)X(18)X(44)X(53)                          -0.01352517805933405
		   14:Y(10)X(11)X(72)X(73)                         0.01349437155696057
		   15:Y(7)X(17)X(45)X(53)                          0.01348657726132807
		   16:Y(4)X(18)X(46)X(52)                          -0.01348572056695545
		   17:Y(19)X(34)X(48)X(53)                         -0.01345939279348256
		   18:Y(27)X(34)X(45)X(64)                         0.01345804737896992
		   19:Y(23)X(30)X(41)X(54)                         0.01345024382730645
		   20:Y(18)X(27)X(42)X(69)                         0.0134236168655167
iQCC Step: 34
	Initial Energy: -2123.97334011014527
	Entanglers:
		    1:Y(37)X(38)X(49)X(54)                         -0.01356378258644324
		    2:Y(7)X(19)X(43)X(53)                          0.01353533765555327
		    3:Y(7)X(30)X(39)X(48)                          -0.01336032336913454
		    4:Y(26)X(29)X(43)X(68)                         0.0133515757310586
		    5:Y(27)X(28)X(45)X(66)                         0.01334518184776365
		    6:Y(27)X(34)X(62)X(63)                         -0.01333627826852434
		    7:Y(12)X(25)X(43)X(46)                         0.01332952361012793
		    8:Y(20)X(21)X(43)X(46)                         -0.01332726790219499
		    9:Y(15)X(29)X(65)X(67)                         0.01330418155175373
		   10:Y(31)X(40)X(41)X(78)                         0.01329869930090817
		   11:Y(20)X(21)X(42)X(47)                         0.01327503476733138
		   12:Y(31)X(34)X(54)X(55)                         -0.01325719408233687
		   13:Y(22)X(31)X(49)X(54)                         -0.01325366923646821
		   14:Y(27)X(32)X(63)X(64)                         -0.01322641927651001
		   15:Y(15)X(27)X(65)X(69)                         -0.01322609480197664
		   16:Y(3)X(49)                                    0.01320332878465584
		   17:Y(13)X(24)X(47)X(76)                         0.01319822201158689
		   18:Y(6)X(48)                                    -0.01319192896263265
		   19:Y(18)X(21)X(44)X(53)                         -0.01317606389795219
		   20:Y(2)X(7)X(48)X(51)                           0.01316972026856454
iQCC Step: 35
	Initial Energy: -2123.97402730650447
	Entanglers:
		    1:Y(26)X(27)X(45)X(68)                         0.01377009835087504
		    2:Y(5)X(20)X(46)X(47)                          0.01347435443520768
		    3:Y(4)X(21)X(46)X(47)                          -0.0133813577945692
		    4:Y(4)X(21)X(42)X(47)                          -0.01334031122309939
		    5:Y(27)X(30)X(62)X(63)                         0.01326624315025054
		    6:Y(5)X(20)X(43)X(46)                          -0.01326263914141566
		    7:Y(20)X(27)X(64)X(65)                         0.01321513700251866
		    8:Y(7)X(22)X(51)X(52)                          0.01320023278498525
		    9:Y(3)X(6)X(43)X(44)                           0.01317405639489093
		   10:Y(24)X(25)X(46)X(77)                         0.01316395933368032
		   11:Y(25)X(26)X(64)X(65)                         0.01314692031042297
		   12:Y(6)X(23)X(50)X(53)                          0.01310675831957378
		   13:Y(17)X(26)X(64)X(65)                         0.01308607172122876
		   14:Y(24)X(29)X(62)X(63)                         0.01306395424262073
		   15:Y(31)X(38)X(50)X(55)                         0.01305903445668759
		   16:Y(26)X(33)X(62)X(69)                         -0.01305778475744727
		   17:Y(36)X(37)X(76)X(77)                         0.01304292122686481
		   18:Y(25)X(37)X(39)X(43)                         -0.01303490945029715
		   19:Y(7)X(38)X(39)X(48)                          0.01302577194146721
		   20:Y(7)X(22)X(49)X(50)                          -0.01302489671771216
iQCC Step: 36
	Initial Energy: -2123.97481722771772
	Entanglers:
		    1:Y(20)X(21)X(46)X(47)                         0.01365216433262138
		    2:Y(22)X(23)X(52)X(53)                         0.01318361317921847
		    3:Y(3)X(22)X(44)X(45)                          0.01316588612119406
		    4:Y(4)X(5)X(47)X(48)                           -0.0130981603796158
		    5:Y(24)X(38)X(46)X(54)                         -0.01300043765857723
		    6:Y(37)X(40)X(46)X(49)                         -0.01296736115778304
		    7:Y(38)X(40)                                   -0.01296067543170235
		    8:Y(46)X(48)                                   -0.01296002435126125
		    9:Y(14)X(28)X(64)X(66)                         0.01295757912011099
		   10:Y(28)X(33)X(63)X(66)                         0.01293656675012863
		   11:Y(18)X(35)X(49)X(52)                         -0.01293268285300502
		   12:Y(20)X(34)X(42)X(52)                         0.01288011035369171
		   13:Y(22)X(37)X(50)X(55)                         -0.01287446989902773
		   14:Y(24)X(37)X(46)X(77)                         -0.01286988633852966
		   15:Y(25)X(40)X(51)X(76)                         -0.01285311108557102
		   16:Y(2)X(7)X(42)X(45)                           0.01285213887421883
		   17:Y(37)X(43)                                   0.01284178712923185
		   18:Y(11)X(39)X(40)X(76)                         -0.0128372784735706
		   19:Y(24)X(25)X(51)X(54)                         0.01283122612581166
		   20:Y(19)X(21)X(43)X(49)                         -0.0128269234613565
iQCC Step: 37
	Initial Energy: -2123.97547697830214
	Entanglers:
		    1:Y(14)X(26)X(64)X(68)                         -0.01305605399457837
		    2:Y(31)X(40)X(47)X(54)                         0.01301034324537982
		    3:Y(23)X(40)X(41)X(50)                         -0.01282121151572623
		    4:Y(24)X(25)X(76)X(79)                         0.01280311392427532
		    5:Y(26)X(31)X(62)X(63)                         -0.01279951376628684
		    6:Y(24)X(25)X(77)X(78)                         -0.01279314068837711
		    7:Y(27)X(33)X(45)X(65)                         0.01277723303709207
		    8:Y(26)X(33)X(63)X(68)                         -0.01273611019563463
		    9:Y(26)X(54)                                   -0.01271598016417997
		   10:Y(12)X(25)X(42)X(47)                         -0.01271334175878073
		   11:Y(7)X(15)X(45)X(53)                          -0.0127111720871072
		   12:Y(17)X(32)X(43)X(66)                         -0.0126677464143566
		   13:Y(16)X(33)X(42)X(67)                         -0.01264978487799107
		   14:Y(29)X(35)X(53)X(63)                         -0.01263705497370045
		   15:Y(2)X(31)X(54)X(77)                          -0.01263380964317577
		   16:Y(7)X(36)X(41)X(54)                          0.01263254713132951
		   17:Y(30)X(35)X(54)X(55)                         0.01262883636305489
		   18:Y(12)X(25)X(39)X(46)                         0.0126154204894428
		   19:Y(30)X(78)                                   -0.01259652927966
		   20:Y(26)X(33)X(63)X(64)                         0.01255529891699461
iQCC Step: 38
	Initial Energy: -2123.97609693397635
	Entanglers:
		    1:Y(23)X(39)X(40)X(50)                         0.01298958528370754
		    2:Y(26)X(35)X(65)X(68)                         0.01274530541928418
		    3:Y(7)X(22)X(39)X(54)                          -0.01263882022561046
		    4:Y(14)X(15)X(62)X(63)                         0.01254839398207658
		    5:Y(2)X(23)X(44)X(45)                          -0.01252214171927824
		    6:Y(30)X(31)X(39)X(48)                         0.01249921904135919
		    7:Y(29)X(33)X(53)X(65)                         0.01249271451673486
		    8:Y(3)X(30)X(55)X(76)                          -0.01249258984906606
		    9:Y(27)X(35)X(53)X(65)                         -0.01249185544706848
		   10:Y(37)X(75)                                   -0.01248950988889362
		   11:Y(19)X(21)X(47)X(53)                         -0.01247933505575015
		   12:Y(28)X(35)X(64)X(67)                         -0.01247695838399424
		   13:Y(3)X(38)X(41)X(78)                          -0.01247137271642148
		   14:Y(31)X(37)X(41)X(51)                         -0.0124712223875635
		   15:Y(18)X(35)X(46)X(69)                         -0.01246787859526165
		   16:Y(6)X(18)X(42)X(52)                          0.0124640756571957
		   17:Y(26)X(35)X(44)X(65)                         0.01246066913434967
		   18:Y(7)X(39)X(40)X(46)                          0.01244250944353114
		   19:Y(29)X(32)X(63)X(66)                         0.01243958452997644
		   20:Y(37)X(40)X(47)X(54)                         0.01243772151588378
iQCC Step: 39
	Initial Energy: -2123.97667348733512
	Entanglers:
		    1:Y(3)X(39)X(40)X(42)                          0.01273861007299591
		    2:Y(2)X(23)X(39)X(54)                          -0.01258715372930129
		    3:Y(6)X(16)X(44)X(52)                          0.01255073430249114
		    4:Y(27)X(33)X(53)X(63)                         0.01252858398114849
		    5:Y(37)X(38)X(46)X(47)                         0.01251506901982384
		    6:Y(30)X(31)X(46)X(49)                         -0.01243972040456955
		    7:Y(39)X(41)                                   0.01241308752271048
		    8:Y(28)X(33)X(62)X(67)                         0.01241182148360198
		    9:Y(31)X(32)X(54)X(55)                         0.01239922494607294
		   10:Y(24)X(37)X(41)X(46)                         0.01238574799414161
		   11:Y(14)X(17)X(43)X(44)                         0.01238039450756794
		   12:Y(6)X(7)X(51)X(52)                           0.01236736269844242
		   13:Y(27)X(40)X(41)X(54)                         0.01236458107241211
		   14:Y(4)X(21)X(47)X(52)                          0.01235978263181166
		   15:Y(14)X(35)X(52)X(53)                         0.01235793397089749
		   16:Y(27)X(32)X(62)X(65)                         0.0123525590937955
		   17:Y(26)X(35)X(62)X(67)                         -0.01234279208239786
		   18:Y(28)X(33)X(42)X(63)                         -0.01232373941863807
		   19:Y(18)X(19)X(49)X(50)                         -0.01232298099218368
		   20:Y(18)X(35)X(52)X(53)                         0.01232054688550226
iQCC Step: 40
	Initial Energy: -2123.97719321666000
	Entanglers:
		    1:Y(36)X(37)X(51)X(52)                         -0.01234407945024484
		    2:Y(3)X(39)X(40)X(74)                          -0.01234354277393103
		    3:Y(6)X(23)X(48)X(51)                          -0.01234137773717963
		    4:Y(31)X(38)X(48)X(55)                         -0.0122994403433688
		    5:Y(19)X(28)X(53)X(68)                         0.01228968646636043
		    6:Y(24)X(25)X(50)X(55)                         -0.01228673547425686
		    7:Y(28)X(34)X(62)X(66)                         -0.01227956393653546
		    8:Y(18)X(29)X(52)X(69)                         0.01225746972259727
		    9:Y(4)X(5)X(46)X(49)                           0.0122571908615088
		   10:Y(16)X(33)X(42)X(69)                         0.01222478250374882
		   11:Y(3)X(24)X(39)X(54)                          -0.01221357843633618
		   12:Y(15)X(16)X(42)X(45)                         0.01221191441944921
		   13:Y(19)X(33)X(45)X(69)                         -0.01220927989563809
		   14:Y(17)X(32)X(43)X(68)                         0.0121855615616084
		   15:Y(31)X(38)X(41)X(46)                         -0.0121797891199796
		   16:Y(15)X(16)X(43)X(44)                         -0.01217832888733594
		   17:Y(2)X(7)X(43)X(44)                           -0.01216275809846819
		   18:Y(23)X(37)X(49)X(55)                         -0.01216060973891601
		   19:Y(28)X(35)X(66)X(69)                         0.01213885471505451
		   20:Y(5)X(20)X(46)X(53)                          0.0121347480078477
iQCC Step: 41
	Initial Energy: -2123.97782246078032
	Entanglers:
		    1:Y(19)X(26)X(53)X(66)                         -0.01222818037304462
		    2:Y(31)X(40)X(55)X(76)                         0.01216878437014286
		    3:Y(19)X(35)X(43)X(69)                         0.01214688992851166
		    4:Y(22)X(31)X(51)X(54)                         0.01211947208695823
		    5:Y(24)X(27)X(64)X(65)                         -0.0120817690009525
		    6:Y(18)X(27)X(52)X(67)                         -0.01207981714591552
		    7:Y(19)X(27)X(65)X(67)                         -0.01207855508668483
		    8:Y(3)X(6)X(42)X(45)                           -0.01205093264141143
		    9:Y(24)X(37)X(41)X(50)                         -0.01203298353079304
		   10:Y(19)X(39)X(40)X(76)                         0.01202521096732695
		   11:Y(24)X(25)X(45)X(46)                         -0.01202361634891651
		   12:Y(22)X(23)X(50)X(55)                         0.01201858685788377
		   13:Y(18)X(20)X(46)X(52)                         -0.01200685156403628
		   14:Y(4)X(18)X(46)X(48)                          -0.0120005781210883
		   15:Y(5)X(15)X(43)X(53)                          -0.0119965345725925
		   16:Y(36)X(37)X(49)X(52)                         0.01198910344593771
		   17:Y(3)X(40)X(41)X(54)                          -0.01197221252403662
		   18:Y(4)X(5)X(42)X(69)                           -0.0119720100831486
		   19:Y(13)X(51)                                   -0.01196840270707441
		   20:Y(29)X(30)X(62)X(65)                         0.01195539246478637
iQCC Step: 42
	Initial Energy: -2123.97840601835333
	Entanglers:
		    1:Y(22)X(23)X(51)X(54)                         -0.0123421331928767
		    2:Y(19)X(29)X(65)X(69)                         0.01219826306490142
		    3:Y(27)X(30)X(64)X(65)                         0.01213009742490134
		    4:Y(16)X(27)X(64)X(65)                         -0.01209638611360093
		    5:Y(25)X(51)                                   0.01209030185658967
		    6:Y(36)X(37)X(50)X(53)                         0.01204147395937826
		    7:Y(19)X(32)X(53)X(68)                         0.01198859314235002
		    8:Y(15)X(21)X(43)X(53)                         -0.0119843710018831
		    9:Y(30)X(31)X(54)X(63)                         0.01194339547564224
		   10:Y(3)X(38)X(41)X(46)                          0.01194024212639738
		   11:Y(18)X(35)X(63)X(64)                         -0.0119236798645662
		   12:Y(38)X(76)                                   0.01192344446733222
		   13:Y(19)X(20)X(47)X(52)                         0.01191713846864037
		   14:Y(18)X(19)X(48)X(51)                         0.01191079582090782
		   15:Y(6)X(23)X(49)X(50)                          0.01187900788740827
		   16:Y(21)X(33)X(65)X(69)                         0.01186191118090825
		   17:Y(23)X(36)X(49)X(54)                         0.01185584721189645
		   18:Y(3)X(6)X(51)X(52)                           -0.01184256557709483
		   19:Y(24)X(40)X(46)X(76)                         -0.01183208132128186
		   20:Y(37)X(40)X(41)X(52)                         0.01180436963919535
iQCC Step: 43
	Initial Energy: -2123.97899560236556
	Entanglers:
		    1:Y(36)X(37)X(48)X(53)                         -0.01219119214509979
		    2:Y(6)X(7)X(50)X(53)                           -0.01206622650068143
		    3:Y(3)X(36)X(39)X(46)                          0.01197107619014594
		    4:Y(30)X(31)X(55)X(62)                         -0.01194978031988534
		    5:Y(30)X(52)                                   -0.01192804123632189
		    6:Y(37)X(40)X(47)X(48)                         0.01179171889303351
		    7:Y(27)X(32)X(62)X(69)                         -0.01177611965056292
		    8:Y(28)X(35)X(62)X(65)                         0.01177501368112702
		    9:Y(2)X(31)X(39)X(54)                          0.01176029076351133
		   10:Y(37)X(40)X(41)X(74)                         0.0117500374996944
		   11:Y(26)X(32)X(44)X(64)                         0.01174502235039395
		   12:Y(29)X(34)X(67)X(68)                         0.01170802087155094
		   13:Y(19)X(24)X(46)X(47)                         -0.01170030386710207
		   14:Y(7)X(22)X(48)X(51)                          0.01169741340489107
		   15:Y(18)X(33)X(52)X(69)                         0.01169669150646946
		   16:Y(30)X(36)X(46)X(54)                         -0.01167880326462374
		   17:Y(36)X(38)X(48)X(54)                         0.01163897936076106
		   18:Y(5)X(19)X(47)X(49)                          -0.01161614955347429
		   19:Y(30)X(31)X(55)X(78)                         -0.01161319154309899
		   20:Y(37)X(38)X(41)X(48)                         0.01161029604042575
iQCC Step: 44
	Initial Energy: -2123.97953920173904
	Entanglers:
		    1:Y(29)X(34)X(64)X(67)                         -0.01173010221404249
		    2:Y(29)X(32)X(43)X(62)                         -0.01169815203042389
		    3:Y(3)X(6)X(50)X(53)                           0.01159949912566721
		    4:Y(7)X(19)X(45)X(49)                          -0.01159618141486457
		    5:Y(3)X(38)X(54)X(55)                          0.01158703166958627
		    6:Y(28)X(29)X(65)X(68)                         -0.01158346534837229
		    7:Y(12)X(25)X(47)X(76)                         -0.01156139644035266
		    8:Y(29)X(35)X(43)X(63)                         0.01155873303313986
		    9:Y(27)X(34)X(63)X(66)                         -0.01155410661748678
		   10:Y(19)X(32)X(64)X(65)                         0.01155403634422398
		   11:Y(24)X(25)X(46)X(49)                         -0.01154968708556387
		   12:Y(2)X(31)X(41)X(54)                          0.01153787262300114
		   13:Y(7)X(17)X(45)X(51)                          -0.01152367301014902
		   14:Y(14)X(20)X(42)X(52)                         -0.01151236693099245
		   15:Y(2)X(7)X(50)X(53)                           -0.01149888453990336
		   16:Y(28)X(31)X(63)X(64)                         0.01149800057907183
		   17:Y(2)X(31)X(39)X(50)                          0.01149357515147209
		   18:Y(6)X(14)X(44)X(52)                          -0.01148734613996085
		   19:Y(4)X(14)X(42)X(52)                          -0.0114856945340846
		   20:Y(26)X(35)X(66)X(67)                         -0.01148163325628768
iQCC Step: 45
	Initial Energy: -2123.98013518662401
	Entanglers:
		    1:Y(7)X(19)X(45)X(51)                          -0.01175863114418345
		    2:Y(6)X(18)X(44)X(48)                          -0.01166631368641043
		    3:Y(27)X(34)X(64)X(69)                         0.01166096555023017
		    4:Y(31)X(37)X(39)X(55)                         -0.01147995230817719
		    5:Y(6)X(23)X(52)X(53)                          -0.01147453607938992
		    6:Y(19)X(34)X(62)X(65)                         -0.01147164039426965
		    7:Y(18)X(20)X(44)X(48)                         0.01146978245698098
		    8:Y(32)X(44)                                   -0.01145605723314897
		    9:Y(13)X(24)X(39)X(42)                         0.01144612260324568
		   10:Y(31)X(79)                                   -0.0114287732213025
		   11:Y(25)X(34)X(64)X(65)                         0.01142384282086526
		   12:Y(4)X(5)X(43)X(68)                           0.01142197779604433
		   13:Y(18)X(26)X(64)X(66)                         -0.0114214710477099
		   14:Y(25)X(38)X(47)X(78)                         -0.01141782585125079
		   15:Y(19)X(34)X(52)X(67)                         -0.01140399295031305
		   16:Y(31)X(36)X(39)X(48)                         -0.01140106590744923
		   17:Y(23)X(30)X(50)X(55)                         0.01138539308122864
		   18:Y(17)X(18)X(51)X(52)                         -0.01138432168262109
		   19:Y(14)X(15)X(64)X(65)                         0.01138357740623076
		   20:Y(21)X(28)X(64)X(65)                         -0.01138117635077585
iQCC Step: 46
	Initial Energy: -2123.98062175250880
	Entanglers:
		    1:Y(20)X(21)X(64)X(65)                         0.01141738615685996
		    2:Y(13)X(34)X(64)X(65)                         -0.01141164916798559
		    3:Y(28)X(29)X(64)X(69)                         0.01141092505788575
		    4:Y(19)X(34)X(53)X(66)                         0.01139909406568549
		    5:Y(22)X(23)X(48)X(53)                         -0.01138648108127768
		    6:Y(18)X(35)X(52)X(67)                         0.01137792951990649
		    7:Y(25)X(40)X(47)X(50)                         0.01137143884134603
		    8:Y(27)X(34)X(66)X(67)                         0.01137121521009017
		    9:Y(37)X(38)X(46)X(49)                         0.01136969257758488
		   10:Y(29)X(34)X(63)X(64)                         0.01136818801888393
		   11:Y(30)X(33)X(54)X(55)                         -0.01135613699340673
		   12:Y(26)X(33)X(63)X(66)                         0.01134076379012035
		   13:Y(25)X(36)X(41)X(76)                         0.01133188202542705
		   14:Y(30)X(31)X(41)X(54)                         0.01132053814311522
		   15:Y(22)X(23)X(49)X(52)                         0.01131612138214295
		   16:Y(19)X(35)X(45)X(67)                         -0.01131499181058596
		   17:Y(18)X(25)X(46)X(47)                         0.01131140132423315
		   18:Y(19)X(34)X(47)X(68)                         -0.01130912594500265
		   19:Y(4)X(5)X(45)X(52)                           0.01127838748795855
		   20:Y(27)X(32)X(45)X(64)                         -0.01127766246302466
iQCC Step: 47
	Initial Energy: -2123.98110830122505
	Entanglers:
		    1:Y(27)X(28)X(62)X(69)                         -0.01213240652312539
		    2:Y(22)X(23)X(48)X(49)                         0.01158778032542888
		    3:Y(20)X(21)X(63)X(64)                         -0.01146351662570757
		    4:Y(18)X(35)X(53)X(66)                         -0.01136590541806278
		    5:Y(38)X(40)X(50)X(76)                         0.01133451478157572
		    6:Y(20)X(29)X(64)X(65)                         0.01130237155273922
		    7:Y(15)X(34)X(52)X(53)                         -0.01129629050885875
		    8:Y(4)X(5)X(44)X(53)                           -0.01128412541329393
		    9:Y(23)X(30)X(39)X(54)                         0.01127153381398962
		   10:Y(14)X(15)X(48)X(49)                         0.01126726501852362
		   11:Y(18)X(28)X(64)X(68)                         0.01124942742103872
		   12:Y(17)X(23)X(45)X(53)                         0.01124000085842771
		   13:Y(37)X(40)X(47)X(76)                         -0.0112396091745207
		   14:Y(19)X(34)X(52)X(53)                         -0.01123727301325072
		   15:Y(26)X(33)X(43)X(44)                         -0.01123624860744058
		   16:Y(26)X(29)X(63)X(68)                         -0.01123113168058795
		   17:Y(7)X(22)X(52)X(53)                          0.01122268481042054
		   18:Y(3)X(30)X(39)X(52)                          -0.01120904853001457
		   19:Y(13)X(40)X(41)X(50)                         0.01120646933307133
		   20:Y(33)X(34)X(49)X(52)                         0.01120183801435519
iQCC Step: 48
	Initial Energy: -2123.98155525234506
	Entanglers:
		    1:Y(13)X(40)X(47)X(76)                         0.01119807940249302
		    2:Y(36)X(37)X(41)X(48)                         -0.01118214643692915
		    3:Y(2)X(7)X(51)X(52)                           0.01117274042077094
		    4:Y(21)X(32)X(62)X(63)                         0.01117193082896352
		    5:Y(14)X(17)X(42)X(45)                         -0.01114777621679458
		    6:Y(27)X(32)X(42)X(45)                         -0.01113652391528977
		    7:Y(18)X(19)X(43)X(44)                         0.01113646933559167
		    8:Y(17)X(37)X(41)X(47)                         0.01113112231919949
		    9:Y(16)X(19)X(50)X(53)                         -0.011125236287966
		   10:Y(14)X(27)X(42)X(67)                         0.01111292128459078
		   11:Y(28)X(34)X(52)X(62)                         -0.0111111407823657
		   12:Y(37)X(38)X(39)X(74)                         0.01110743074524173
		   13:Y(26)X(31)X(64)X(65)                         -0.01110631400936505
		   14:Y(31)X(37)X(41)X(49)                         0.01110583788511717
		   15:Y(19)X(21)X(45)X(49)                         0.01109351845696429
		   16:Y(27)X(32)X(67)X(68)                         -0.01109258785552612
		   17:Y(21)X(33)X(45)X(53)                         -0.01108671149804809
		   18:Y(24)X(25)X(44)X(47)                         0.01108068463417847
		   19:Y(15)X(35)X(45)X(69)                         -0.01107828999221099
		   20:Y(38)X(40)X(54)X(76)                         -0.01107411806410807
iQCC Step: 49
	Initial Energy: -2123.98207707283473
	Entanglers:
		    1:Y(26)X(34)X(52)X(64)                         -0.01142807699135459
		    2:Y(14)X(29)X(42)X(69)                         -0.01124427467352224
		    3:Y(18)X(19)X(50)X(51)                         0.01111906594299404
		    4:Y(23)X(31)X(41)X(55)                         -0.01111692606895361
		    5:Y(28)X(32)X(52)X(64)                         0.01106884055337363
		    6:Y(5)X(20)X(44)X(53)                          -0.0110341387013338
		    7:Y(15)X(26)X(43)X(66)                         0.01100807767971792
		    8:Y(23)X(33)X(45)X(51)                         0.01100671287625187
		    9:Y(19)X(28)X(62)X(63)                         0.01100486660595072
		   10:Y(29)X(32)X(68)X(69)                         -0.01100030411961873
		   11:Y(32)X(35)X(48)X(53)                         0.01099175208168451
		   12:Y(18)X(21)X(46)X(53)                         0.01099171808956386
		   13:Y(23)X(38)X(49)X(54)                         0.01099003859002723
		   14:Y(13)X(24)X(46)X(77)                         -0.01097746451017109
		   15:Y(17)X(34)X(45)X(68)                         -0.01097708547139542
		   16:Y(20)X(32)X(64)X(68)                         0.01096325778341283
		   17:Y(29)X(32)X(66)X(67)                         -0.01096104742498153
		   18:Y(13)X(38)X(41)X(78)                         -0.01095341305457536
		   19:Y(22)X(31)X(53)X(54)                         0.01094261391000844
		   20:Y(31)X(32)X(63)X(64)                         0.01094052256832335
